The system is: Linux - 3.16.0-38-generic - x86_64
Compiling the CXX compiler identification source file "CMakeCXXCompilerId.cpp" succeeded.
Compiler: /usr/local/bin/clang++ 
Build flags: 
Id flags: 

The output was:
0


Compilation of the CXX compiler identification source "CMakeCXXCompilerId.cpp" produced "a.out"

The CXX compiler identification is Clang, found in "/home/zahra/Desktop/runtime_opt_with_compiler_and_ML/RealApplications/stream/build/CMakeFiles/3.7.1/CompilerIdCXX/a.out"

Determining if the CXX compiler works passed with the following output:
Change Dir: /home/zahra/Desktop/runtime_opt_with_compiler_and_ML/RealApplications/stream/build/CMakeFiles/CMakeTmp

Run Build Command:"/usr/bin/make" "cmTC_03d38/fast"
/usr/bin/make -f CMakeFiles/cmTC_03d38.dir/build.make CMakeFiles/cmTC_03d38.dir/build
make[1]: Entering directory `/home/zahra/Desktop/runtime_opt_with_compiler_and_ML/RealApplications/stream/build/CMakeFiles/CMakeTmp'
Building CXX object CMakeFiles/cmTC_03d38.dir/testCXXCompiler.cxx.o
/usr/local/bin/clang++      -o CMakeFiles/cmTC_03d38.dir/testCXXCompiler.cxx.o -c /home/zahra/Desktop/runtime_opt_with_compiler_and_ML/RealApplications/stream/build/CMakeFiles/CMakeTmp/testCXXCompiler.cxx
Linking CXX executable cmTC_03d38
/home/zahra/.local/bin/cmake -E cmake_link_script CMakeFiles/cmTC_03d38.dir/link.txt --verbose=1
/usr/local/bin/clang++        CMakeFiles/cmTC_03d38.dir/testCXXCompiler.cxx.o  -o cmTC_03d38 -rdynamic 
make[1]: Leaving directory `/home/zahra/Desktop/runtime_opt_with_compiler_and_ML/RealApplications/stream/build/CMakeFiles/CMakeTmp'


Detecting CXX compiler ABI info compiled with the following output:
Change Dir: /home/zahra/Desktop/runtime_opt_with_compiler_and_ML/RealApplications/stream/build/CMakeFiles/CMakeTmp

Run Build Command:"/usr/bin/make" "cmTC_78060/fast"
/usr/bin/make -f CMakeFiles/cmTC_78060.dir/build.make CMakeFiles/cmTC_78060.dir/build
make[1]: Entering directory `/home/zahra/Desktop/runtime_opt_with_compiler_and_ML/RealApplications/stream/build/CMakeFiles/CMakeTmp'
Building CXX object CMakeFiles/cmTC_78060.dir/CMakeCXXCompilerABI.cpp.o
/usr/local/bin/clang++      -o CMakeFiles/cmTC_78060.dir/CMakeCXXCompilerABI.cpp.o -c /home/zahra/.local/share/cmake-3.7/Modules/CMakeCXXCompilerABI.cpp
Linking CXX executable cmTC_78060
/home/zahra/.local/bin/cmake -E cmake_link_script CMakeFiles/cmTC_78060.dir/link.txt --verbose=1
/usr/local/bin/clang++       -v CMakeFiles/cmTC_78060.dir/CMakeCXXCompilerABI.cpp.o  -o cmTC_78060 -rdynamic  
clang version 4.0.0 (http://llvm.org/git/clang.git 40f6a728aeed1a1a705ef8e81b04ebd5248fc29e) (http://llvm.org/git/llvm.git ae69f7de681e29e447a90f028e1e2b2d3e976689)
Target: x86_64-unknown-linux-gnu
Thread model: posix
InstalledDir: /usr/local/bin
Found candidate GCC installation: /usr/lib/gcc/i686-linux-gnu/4.8
Found candidate GCC installation: /usr/lib/gcc/i686-linux-gnu/4.8.4
Found candidate GCC installation: /usr/lib/gcc/i686-linux-gnu/4.9
Found candidate GCC installation: /usr/lib/gcc/i686-linux-gnu/4.9.3
Found candidate GCC installation: /usr/lib/gcc/x86_64-linux-gnu/4.8
Found candidate GCC installation: /usr/lib/gcc/x86_64-linux-gnu/4.8.4
Found candidate GCC installation: /usr/lib/gcc/x86_64-linux-gnu/4.9
Found candidate GCC installation: /usr/lib/gcc/x86_64-linux-gnu/4.9.3
Selected GCC installation: /usr/lib/gcc/x86_64-linux-gnu/4.8
Candidate multilib: .;@m64
Selected multilib: .;@m64
 "/usr/bin/ld" -export-dynamic --hash-style=both --eh-frame-hdr -m elf_x86_64 -export-dynamic -dynamic-linker /lib64/ld-linux-x86-64.so.2 -o cmTC_78060 /usr/lib/gcc/x86_64-linux-gnu/4.8/../../../x86_64-linux-gnu/crt1.o /usr/lib/gcc/x86_64-linux-gnu/4.8/../../../x86_64-linux-gnu/crti.o /usr/lib/gcc/x86_64-linux-gnu/4.8/crtbegin.o -L/usr/lib/gcc/x86_64-linux-gnu/4.8 -L/usr/lib/gcc/x86_64-linux-gnu/4.8/../../../x86_64-linux-gnu -L/lib/x86_64-linux-gnu -L/lib/../lib64 -L/usr/lib/x86_64-linux-gnu -L/usr/lib/gcc/x86_64-linux-gnu/4.8/../../.. -L/usr/local/bin/../lib -L/lib -L/usr/lib CMakeFiles/cmTC_78060.dir/CMakeCXXCompilerABI.cpp.o -lstdc++ -lm -lgcc_s -lgcc -lc -lgcc_s -lgcc /usr/lib/gcc/x86_64-linux-gnu/4.8/crtend.o /usr/lib/gcc/x86_64-linux-gnu/4.8/../../../x86_64-linux-gnu/crtn.o
make[1]: Leaving directory `/home/zahra/Desktop/runtime_opt_with_compiler_and_ML/RealApplications/stream/build/CMakeFiles/CMakeTmp'


Parsed CXX implicit link information from above output:
  link line regex: [^( *|.*[/\])(ld|([^/\]+-)?ld|collect2)[^/\]*( |$)]
  ignore line: [Change Dir: /home/zahra/Desktop/runtime_opt_with_compiler_and_ML/RealApplications/stream/build/CMakeFiles/CMakeTmp]
  ignore line: []
  ignore line: [Run Build Command:"/usr/bin/make" "cmTC_78060/fast"]
  ignore line: [/usr/bin/make -f CMakeFiles/cmTC_78060.dir/build.make CMakeFiles/cmTC_78060.dir/build]
  ignore line: [make[1]: Entering directory `/home/zahra/Desktop/runtime_opt_with_compiler_and_ML/RealApplications/stream/build/CMakeFiles/CMakeTmp']
  ignore line: [Building CXX object CMakeFiles/cmTC_78060.dir/CMakeCXXCompilerABI.cpp.o]
  ignore line: [/usr/local/bin/clang++      -o CMakeFiles/cmTC_78060.dir/CMakeCXXCompilerABI.cpp.o -c /home/zahra/.local/share/cmake-3.7/Modules/CMakeCXXCompilerABI.cpp]
  ignore line: [Linking CXX executable cmTC_78060]
  ignore line: [/home/zahra/.local/bin/cmake -E cmake_link_script CMakeFiles/cmTC_78060.dir/link.txt --verbose=1]
  ignore line: [/usr/local/bin/clang++       -v CMakeFiles/cmTC_78060.dir/CMakeCXXCompilerABI.cpp.o  -o cmTC_78060 -rdynamic  ]
  ignore line: [clang version 4.0.0 (http://llvm.org/git/clang.git 40f6a728aeed1a1a705ef8e81b04ebd5248fc29e) (http://llvm.org/git/llvm.git ae69f7de681e29e447a90f028e1e2b2d3e976689)]
  ignore line: [Target: x86_64-unknown-linux-gnu]
  ignore line: [Thread model: posix]
  ignore line: [InstalledDir: /usr/local/bin]
  ignore line: [Found candidate GCC installation: /usr/lib/gcc/i686-linux-gnu/4.8]
  ignore line: [Found candidate GCC installation: /usr/lib/gcc/i686-linux-gnu/4.8.4]
  ignore line: [Found candidate GCC installation: /usr/lib/gcc/i686-linux-gnu/4.9]
  ignore line: [Found candidate GCC installation: /usr/lib/gcc/i686-linux-gnu/4.9.3]
  ignore line: [Found candidate GCC installation: /usr/lib/gcc/x86_64-linux-gnu/4.8]
  ignore line: [Found candidate GCC installation: /usr/lib/gcc/x86_64-linux-gnu/4.8.4]
  ignore line: [Found candidate GCC installation: /usr/lib/gcc/x86_64-linux-gnu/4.9]
  ignore line: [Found candidate GCC installation: /usr/lib/gcc/x86_64-linux-gnu/4.9.3]
  ignore line: [Selected GCC installation: /usr/lib/gcc/x86_64-linux-gnu/4.8]
  ignore line: [Candidate multilib: .]
  ignore line: [@m64]
  ignore line: [Selected multilib: .]
  ignore line: [@m64]
  link line: [ "/usr/bin/ld" -export-dynamic --hash-style=both --eh-frame-hdr -m elf_x86_64 -export-dynamic -dynamic-linker /lib64/ld-linux-x86-64.so.2 -o cmTC_78060 /usr/lib/gcc/x86_64-linux-gnu/4.8/../../../x86_64-linux-gnu/crt1.o /usr/lib/gcc/x86_64-linux-gnu/4.8/../../../x86_64-linux-gnu/crti.o /usr/lib/gcc/x86_64-linux-gnu/4.8/crtbegin.o -L/usr/lib/gcc/x86_64-linux-gnu/4.8 -L/usr/lib/gcc/x86_64-linux-gnu/4.8/../../../x86_64-linux-gnu -L/lib/x86_64-linux-gnu -L/lib/../lib64 -L/usr/lib/x86_64-linux-gnu -L/usr/lib/gcc/x86_64-linux-gnu/4.8/../../.. -L/usr/local/bin/../lib -L/lib -L/usr/lib CMakeFiles/cmTC_78060.dir/CMakeCXXCompilerABI.cpp.o -lstdc++ -lm -lgcc_s -lgcc -lc -lgcc_s -lgcc /usr/lib/gcc/x86_64-linux-gnu/4.8/crtend.o /usr/lib/gcc/x86_64-linux-gnu/4.8/../../../x86_64-linux-gnu/crtn.o]
    arg [/usr/bin/ld] ==> ignore
    arg [-export-dynamic] ==> ignore
    arg [--hash-style=both] ==> ignore
    arg [--eh-frame-hdr] ==> ignore
    arg [-m] ==> ignore
    arg [elf_x86_64] ==> ignore
    arg [-export-dynamic] ==> ignore
    arg [-dynamic-linker] ==> ignore
    arg [/lib64/ld-linux-x86-64.so.2] ==> ignore
    arg [-o] ==> ignore
    arg [cmTC_78060] ==> ignore
    arg [/usr/lib/gcc/x86_64-linux-gnu/4.8/../../../x86_64-linux-gnu/crt1.o] ==> ignore
    arg [/usr/lib/gcc/x86_64-linux-gnu/4.8/../../../x86_64-linux-gnu/crti.o] ==> ignore
    arg [/usr/lib/gcc/x86_64-linux-gnu/4.8/crtbegin.o] ==> ignore
    arg [-L/usr/lib/gcc/x86_64-linux-gnu/4.8] ==> dir [/usr/lib/gcc/x86_64-linux-gnu/4.8]
    arg [-L/usr/lib/gcc/x86_64-linux-gnu/4.8/../../../x86_64-linux-gnu] ==> dir [/usr/lib/gcc/x86_64-linux-gnu/4.8/../../../x86_64-linux-gnu]
    arg [-L/lib/x86_64-linux-gnu] ==> dir [/lib/x86_64-linux-gnu]
    arg [-L/lib/../lib64] ==> dir [/lib/../lib64]
    arg [-L/usr/lib/x86_64-linux-gnu] ==> dir [/usr/lib/x86_64-linux-gnu]
    arg [-L/usr/lib/gcc/x86_64-linux-gnu/4.8/../../..] ==> dir [/usr/lib/gcc/x86_64-linux-gnu/4.8/../../..]
    arg [-L/usr/local/bin/../lib] ==> dir [/usr/local/bin/../lib]
    arg [-L/lib] ==> dir [/lib]
    arg [-L/usr/lib] ==> dir [/usr/lib]
    arg [CMakeFiles/cmTC_78060.dir/CMakeCXXCompilerABI.cpp.o] ==> ignore
    arg [-lstdc++] ==> lib [stdc++]
    arg [-lm] ==> lib [m]
    arg [-lgcc_s] ==> lib [gcc_s]
    arg [-lgcc] ==> lib [gcc]
    arg [-lc] ==> lib [c]
    arg [-lgcc_s] ==> lib [gcc_s]
    arg [-lgcc] ==> lib [gcc]
    arg [/usr/lib/gcc/x86_64-linux-gnu/4.8/crtend.o] ==> ignore
    arg [/usr/lib/gcc/x86_64-linux-gnu/4.8/../../../x86_64-linux-gnu/crtn.o] ==> ignore
  remove lib [gcc_s]
  remove lib [gcc]
  remove lib [gcc_s]
  remove lib [gcc]
  collapse library dir [/usr/lib/gcc/x86_64-linux-gnu/4.8] ==> [/usr/lib/gcc/x86_64-linux-gnu/4.8]
  collapse library dir [/usr/lib/gcc/x86_64-linux-gnu/4.8/../../../x86_64-linux-gnu] ==> [/usr/lib/x86_64-linux-gnu]
  collapse library dir [/lib/x86_64-linux-gnu] ==> [/lib/x86_64-linux-gnu]
  collapse library dir [/lib/../lib64] ==> [/lib64]
  collapse library dir [/usr/lib/x86_64-linux-gnu] ==> [/usr/lib/x86_64-linux-gnu]
  collapse library dir [/usr/lib/gcc/x86_64-linux-gnu/4.8/../../..] ==> [/usr/lib]
  collapse library dir [/usr/local/bin/../lib] ==> [/usr/local/lib]
  collapse library dir [/lib] ==> [/lib]
  collapse library dir [/usr/lib] ==> [/usr/lib]
  implicit libs: [stdc++;m;c]
  implicit dirs: [/usr/lib/gcc/x86_64-linux-gnu/4.8;/usr/lib/x86_64-linux-gnu;/lib/x86_64-linux-gnu;/lib64;/usr/lib;/usr/local/lib;/lib]
  implicit fwks: []




Detecting CXX [-std=c++14] compiler features compiled with the following output:
Change Dir: /home/zahra/Desktop/runtime_opt_with_compiler_and_ML/RealApplications/stream/build/CMakeFiles/CMakeTmp

Run Build Command:"/usr/bin/make" "cmTC_22248/fast"
/usr/bin/make -f CMakeFiles/cmTC_22248.dir/build.make CMakeFiles/cmTC_22248.dir/build
make[1]: Entering directory `/home/zahra/Desktop/runtime_opt_with_compiler_and_ML/RealApplications/stream/build/CMakeFiles/CMakeTmp'
Building CXX object CMakeFiles/cmTC_22248.dir/feature_tests.cxx.o
/usr/local/bin/clang++     -std=c++14 -o CMakeFiles/cmTC_22248.dir/feature_tests.cxx.o -c /home/zahra/Desktop/runtime_opt_with_compiler_and_ML/RealApplications/stream/build/CMakeFiles/feature_tests.cxx
Linking CXX executable cmTC_22248
/home/zahra/.local/bin/cmake -E cmake_link_script CMakeFiles/cmTC_22248.dir/link.txt --verbose=1
/usr/local/bin/clang++        CMakeFiles/cmTC_22248.dir/feature_tests.cxx.o  -o cmTC_22248 -rdynamic 
make[1]: Leaving directory `/home/zahra/Desktop/runtime_opt_with_compiler_and_ML/RealApplications/stream/build/CMakeFiles/CMakeTmp'


    Feature record: CXX_FEATURE:1cxx_aggregate_default_initializers
    Feature record: CXX_FEATURE:1cxx_alias_templates
    Feature record: CXX_FEATURE:1cxx_alignas
    Feature record: CXX_FEATURE:1cxx_alignof
    Feature record: CXX_FEATURE:1cxx_attributes
    Feature record: CXX_FEATURE:1cxx_attribute_deprecated
    Feature record: CXX_FEATURE:1cxx_auto_type
    Feature record: CXX_FEATURE:1cxx_binary_literals
    Feature record: CXX_FEATURE:1cxx_constexpr
    Feature record: CXX_FEATURE:1cxx_contextual_conversions
    Feature record: CXX_FEATURE:1cxx_decltype
    Feature record: CXX_FEATURE:1cxx_decltype_auto
    Feature record: CXX_FEATURE:1cxx_decltype_incomplete_return_types
    Feature record: CXX_FEATURE:1cxx_default_function_template_args
    Feature record: CXX_FEATURE:1cxx_defaulted_functions
    Feature record: CXX_FEATURE:1cxx_defaulted_move_initializers
    Feature record: CXX_FEATURE:1cxx_delegating_constructors
    Feature record: CXX_FEATURE:1cxx_deleted_functions
    Feature record: CXX_FEATURE:1cxx_digit_separators
    Feature record: CXX_FEATURE:1cxx_enum_forward_declarations
    Feature record: CXX_FEATURE:1cxx_explicit_conversions
    Feature record: CXX_FEATURE:1cxx_extended_friend_declarations
    Feature record: CXX_FEATURE:1cxx_extern_templates
    Feature record: CXX_FEATURE:1cxx_final
    Feature record: CXX_FEATURE:1cxx_func_identifier
    Feature record: CXX_FEATURE:1cxx_generalized_initializers
    Feature record: CXX_FEATURE:1cxx_generic_lambdas
    Feature record: CXX_FEATURE:1cxx_inheriting_constructors
    Feature record: CXX_FEATURE:1cxx_inline_namespaces
    Feature record: CXX_FEATURE:1cxx_lambdas
    Feature record: CXX_FEATURE:1cxx_lambda_init_captures
    Feature record: CXX_FEATURE:1cxx_local_type_template_args
    Feature record: CXX_FEATURE:1cxx_long_long_type
    Feature record: CXX_FEATURE:1cxx_noexcept
    Feature record: CXX_FEATURE:1cxx_nonstatic_member_init
    Feature record: CXX_FEATURE:1cxx_nullptr
    Feature record: CXX_FEATURE:1cxx_override
    Feature record: CXX_FEATURE:1cxx_range_for
    Feature record: CXX_FEATURE:1cxx_raw_string_literals
    Feature record: CXX_FEATURE:1cxx_reference_qualified_functions
    Feature record: CXX_FEATURE:1cxx_relaxed_constexpr
    Feature record: CXX_FEATURE:1cxx_return_type_deduction
    Feature record: CXX_FEATURE:1cxx_right_angle_brackets
    Feature record: CXX_FEATURE:1cxx_rvalue_references
    Feature record: CXX_FEATURE:1cxx_sizeof_member
    Feature record: CXX_FEATURE:1cxx_static_assert
    Feature record: CXX_FEATURE:1cxx_strong_enums
    Feature record: CXX_FEATURE:1cxx_template_template_parameters
    Feature record: CXX_FEATURE:1cxx_thread_local
    Feature record: CXX_FEATURE:1cxx_trailing_return_types
    Feature record: CXX_FEATURE:1cxx_unicode_literals
    Feature record: CXX_FEATURE:1cxx_uniform_initialization
    Feature record: CXX_FEATURE:1cxx_unrestricted_unions
    Feature record: CXX_FEATURE:1cxx_user_literals
    Feature record: CXX_FEATURE:1cxx_variable_templates
    Feature record: CXX_FEATURE:1cxx_variadic_macros
    Feature record: CXX_FEATURE:1cxx_variadic_templates


Detecting CXX [-std=c++11] compiler features compiled with the following output:
Change Dir: /home/zahra/Desktop/runtime_opt_with_compiler_and_ML/RealApplications/stream/build/CMakeFiles/CMakeTmp

Run Build Command:"/usr/bin/make" "cmTC_80394/fast"
/usr/bin/make -f CMakeFiles/cmTC_80394.dir/build.make CMakeFiles/cmTC_80394.dir/build
make[1]: Entering directory `/home/zahra/Desktop/runtime_opt_with_compiler_and_ML/RealApplications/stream/build/CMakeFiles/CMakeTmp'
Building CXX object CMakeFiles/cmTC_80394.dir/feature_tests.cxx.o
/usr/local/bin/clang++     -std=c++11 -o CMakeFiles/cmTC_80394.dir/feature_tests.cxx.o -c /home/zahra/Desktop/runtime_opt_with_compiler_and_ML/RealApplications/stream/build/CMakeFiles/feature_tests.cxx
Linking CXX executable cmTC_80394
/home/zahra/.local/bin/cmake -E cmake_link_script CMakeFiles/cmTC_80394.dir/link.txt --verbose=1
/usr/local/bin/clang++        CMakeFiles/cmTC_80394.dir/feature_tests.cxx.o  -o cmTC_80394 -rdynamic 
make[1]: Leaving directory `/home/zahra/Desktop/runtime_opt_with_compiler_and_ML/RealApplications/stream/build/CMakeFiles/CMakeTmp'


    Feature record: CXX_FEATURE:0cxx_aggregate_default_initializers
    Feature record: CXX_FEATURE:1cxx_alias_templates
    Feature record: CXX_FEATURE:1cxx_alignas
    Feature record: CXX_FEATURE:1cxx_alignof
    Feature record: CXX_FEATURE:1cxx_attributes
    Feature record: CXX_FEATURE:0cxx_attribute_deprecated
    Feature record: CXX_FEATURE:1cxx_auto_type
    Feature record: CXX_FEATURE:0cxx_binary_literals
    Feature record: CXX_FEATURE:1cxx_constexpr
    Feature record: CXX_FEATURE:0cxx_contextual_conversions
    Feature record: CXX_FEATURE:1cxx_decltype
    Feature record: CXX_FEATURE:0cxx_decltype_auto
    Feature record: CXX_FEATURE:1cxx_decltype_incomplete_return_types
    Feature record: CXX_FEATURE:1cxx_default_function_template_args
    Feature record: CXX_FEATURE:1cxx_defaulted_functions
    Feature record: CXX_FEATURE:1cxx_defaulted_move_initializers
    Feature record: CXX_FEATURE:1cxx_delegating_constructors
    Feature record: CXX_FEATURE:1cxx_deleted_functions
    Feature record: CXX_FEATURE:0cxx_digit_separators
    Feature record: CXX_FEATURE:1cxx_enum_forward_declarations
    Feature record: CXX_FEATURE:1cxx_explicit_conversions
    Feature record: CXX_FEATURE:1cxx_extended_friend_declarations
    Feature record: CXX_FEATURE:1cxx_extern_templates
    Feature record: CXX_FEATURE:1cxx_final
    Feature record: CXX_FEATURE:1cxx_func_identifier
    Feature record: CXX_FEATURE:1cxx_generalized_initializers
    Feature record: CXX_FEATURE:0cxx_generic_lambdas
    Feature record: CXX_FEATURE:1cxx_inheriting_constructors
    Feature record: CXX_FEATURE:1cxx_inline_namespaces
    Feature record: CXX_FEATURE:1cxx_lambdas
    Feature record: CXX_FEATURE:0cxx_lambda_init_captures
    Feature record: CXX_FEATURE:1cxx_local_type_template_args
    Feature record: CXX_FEATURE:1cxx_long_long_type
    Feature record: CXX_FEATURE:1cxx_noexcept
    Feature record: CXX_FEATURE:1cxx_nonstatic_member_init
    Feature record: CXX_FEATURE:1cxx_nullptr
    Feature record: CXX_FEATURE:1cxx_override
    Feature record: CXX_FEATURE:1cxx_range_for
    Feature record: CXX_FEATURE:1cxx_raw_string_literals
    Feature record: CXX_FEATURE:1cxx_reference_qualified_functions
    Feature record: CXX_FEATURE:0cxx_relaxed_constexpr
    Feature record: CXX_FEATURE:0cxx_return_type_deduction
    Feature record: CXX_FEATURE:1cxx_right_angle_brackets
    Feature record: CXX_FEATURE:1cxx_rvalue_references
    Feature record: CXX_FEATURE:1cxx_sizeof_member
    Feature record: CXX_FEATURE:1cxx_static_assert
    Feature record: CXX_FEATURE:1cxx_strong_enums
    Feature record: CXX_FEATURE:1cxx_template_template_parameters
    Feature record: CXX_FEATURE:1cxx_thread_local
    Feature record: CXX_FEATURE:1cxx_trailing_return_types
    Feature record: CXX_FEATURE:1cxx_unicode_literals
    Feature record: CXX_FEATURE:1cxx_uniform_initialization
    Feature record: CXX_FEATURE:1cxx_unrestricted_unions
    Feature record: CXX_FEATURE:1cxx_user_literals
    Feature record: CXX_FEATURE:0cxx_variable_templates
    Feature record: CXX_FEATURE:1cxx_variadic_macros
    Feature record: CXX_FEATURE:1cxx_variadic_templates


Detecting CXX [-std=c++98] compiler features compiled with the following output:
Change Dir: /home/zahra/Desktop/runtime_opt_with_compiler_and_ML/RealApplications/stream/build/CMakeFiles/CMakeTmp

Run Build Command:"/usr/bin/make" "cmTC_175ca/fast"
/usr/bin/make -f CMakeFiles/cmTC_175ca.dir/build.make CMakeFiles/cmTC_175ca.dir/build
make[1]: Entering directory `/home/zahra/Desktop/runtime_opt_with_compiler_and_ML/RealApplications/stream/build/CMakeFiles/CMakeTmp'
Building CXX object CMakeFiles/cmTC_175ca.dir/feature_tests.cxx.o
/usr/local/bin/clang++     -std=c++98 -o CMakeFiles/cmTC_175ca.dir/feature_tests.cxx.o -c /home/zahra/Desktop/runtime_opt_with_compiler_and_ML/RealApplications/stream/build/CMakeFiles/feature_tests.cxx
Linking CXX executable cmTC_175ca
/home/zahra/.local/bin/cmake -E cmake_link_script CMakeFiles/cmTC_175ca.dir/link.txt --verbose=1
/usr/local/bin/clang++        CMakeFiles/cmTC_175ca.dir/feature_tests.cxx.o  -o cmTC_175ca -rdynamic 
make[1]: Leaving directory `/home/zahra/Desktop/runtime_opt_with_compiler_and_ML/RealApplications/stream/build/CMakeFiles/CMakeTmp'


    Feature record: CXX_FEATURE:0cxx_aggregate_default_initializers
    Feature record: CXX_FEATURE:0cxx_alias_templates
    Feature record: CXX_FEATURE:0cxx_alignas
    Feature record: CXX_FEATURE:0cxx_alignof
    Feature record: CXX_FEATURE:0cxx_attributes
    Feature record: CXX_FEATURE:0cxx_attribute_deprecated
    Feature record: CXX_FEATURE:0cxx_auto_type
    Feature record: CXX_FEATURE:0cxx_binary_literals
    Feature record: CXX_FEATURE:0cxx_constexpr
    Feature record: CXX_FEATURE:0cxx_contextual_conversions
    Feature record: CXX_FEATURE:0cxx_decltype
    Feature record: CXX_FEATURE:0cxx_decltype_auto
    Feature record: CXX_FEATURE:0cxx_decltype_incomplete_return_types
    Feature record: CXX_FEATURE:0cxx_default_function_template_args
    Feature record: CXX_FEATURE:0cxx_defaulted_functions
    Feature record: CXX_FEATURE:0cxx_defaulted_move_initializers
    Feature record: CXX_FEATURE:0cxx_delegating_constructors
    Feature record: CXX_FEATURE:0cxx_deleted_functions
    Feature record: CXX_FEATURE:0cxx_digit_separators
    Feature record: CXX_FEATURE:0cxx_enum_forward_declarations
    Feature record: CXX_FEATURE:0cxx_explicit_conversions
    Feature record: CXX_FEATURE:0cxx_extended_friend_declarations
    Feature record: CXX_FEATURE:0cxx_extern_templates
    Feature record: CXX_FEATURE:0cxx_final
    Feature record: CXX_FEATURE:0cxx_func_identifier
    Feature record: CXX_FEATURE:0cxx_generalized_initializers
    Feature record: CXX_FEATURE:0cxx_generic_lambdas
    Feature record: CXX_FEATURE:0cxx_inheriting_constructors
    Feature record: CXX_FEATURE:0cxx_inline_namespaces
    Feature record: CXX_FEATURE:0cxx_lambdas
    Feature record: CXX_FEATURE:0cxx_lambda_init_captures
    Feature record: CXX_FEATURE:0cxx_local_type_template_args
    Feature record: CXX_FEATURE:0cxx_long_long_type
    Feature record: CXX_FEATURE:0cxx_noexcept
    Feature record: CXX_FEATURE:0cxx_nonstatic_member_init
    Feature record: CXX_FEATURE:0cxx_nullptr
    Feature record: CXX_FEATURE:0cxx_override
    Feature record: CXX_FEATURE:0cxx_range_for
    Feature record: CXX_FEATURE:0cxx_raw_string_literals
    Feature record: CXX_FEATURE:0cxx_reference_qualified_functions
    Feature record: CXX_FEATURE:0cxx_relaxed_constexpr
    Feature record: CXX_FEATURE:0cxx_return_type_deduction
    Feature record: CXX_FEATURE:0cxx_right_angle_brackets
    Feature record: CXX_FEATURE:0cxx_rvalue_references
    Feature record: CXX_FEATURE:0cxx_sizeof_member
    Feature record: CXX_FEATURE:0cxx_static_assert
    Feature record: CXX_FEATURE:0cxx_strong_enums
    Feature record: CXX_FEATURE:1cxx_template_template_parameters
    Feature record: CXX_FEATURE:0cxx_thread_local
    Feature record: CXX_FEATURE:0cxx_trailing_return_types
    Feature record: CXX_FEATURE:0cxx_unicode_literals
    Feature record: CXX_FEATURE:0cxx_uniform_initialization
    Feature record: CXX_FEATURE:0cxx_unrestricted_unions
    Feature record: CXX_FEATURE:0cxx_user_literals
    Feature record: CXX_FEATURE:0cxx_variable_templates
    Feature record: CXX_FEATURE:0cxx_variadic_macros
    Feature record: CXX_FEATURE:0cxx_variadic_templates
Compiling the C compiler identification source file "CMakeCCompilerId.c" succeeded.
Compiler: /usr/local/bin/clang 
Build flags: 
Id flags: 

The output was:
0


Compilation of the C compiler identification source "CMakeCCompilerId.c" produced "a.out"

The C compiler identification is Clang, found in "/home/zahra/Desktop/runtime_opt_with_compiler_and_ML/RealApplications/stream/build/CMakeFiles/3.7.1/CompilerIdC/a.out"

Determining if the C compiler works passed with the following output:
Change Dir: /home/zahra/Desktop/runtime_opt_with_compiler_and_ML/RealApplications/stream/build/CMakeFiles/CMakeTmp

Run Build Command:"/usr/bin/make" "cmTC_229b6/fast"
/usr/bin/make -f CMakeFiles/cmTC_229b6.dir/build.make CMakeFiles/cmTC_229b6.dir/build
make[1]: Entering directory `/home/zahra/Desktop/runtime_opt_with_compiler_and_ML/RealApplications/stream/build/CMakeFiles/CMakeTmp'
Building C object CMakeFiles/cmTC_229b6.dir/testCCompiler.c.o
/usr/local/bin/clang     -o CMakeFiles/cmTC_229b6.dir/testCCompiler.c.o   -c /home/zahra/Desktop/runtime_opt_with_compiler_and_ML/RealApplications/stream/build/CMakeFiles/CMakeTmp/testCCompiler.c
Linking C executable cmTC_229b6
/home/zahra/.local/bin/cmake -E cmake_link_script CMakeFiles/cmTC_229b6.dir/link.txt --verbose=1
/usr/local/bin/clang       CMakeFiles/cmTC_229b6.dir/testCCompiler.c.o  -o cmTC_229b6 -rdynamic 
make[1]: Leaving directory `/home/zahra/Desktop/runtime_opt_with_compiler_and_ML/RealApplications/stream/build/CMakeFiles/CMakeTmp'


Detecting C compiler ABI info compiled with the following output:
Change Dir: /home/zahra/Desktop/runtime_opt_with_compiler_and_ML/RealApplications/stream/build/CMakeFiles/CMakeTmp

Run Build Command:"/usr/bin/make" "cmTC_8da6a/fast"
/usr/bin/make -f CMakeFiles/cmTC_8da6a.dir/build.make CMakeFiles/cmTC_8da6a.dir/build
make[1]: Entering directory `/home/zahra/Desktop/runtime_opt_with_compiler_and_ML/RealApplications/stream/build/CMakeFiles/CMakeTmp'
Building C object CMakeFiles/cmTC_8da6a.dir/CMakeCCompilerABI.c.o
/usr/local/bin/clang     -o CMakeFiles/cmTC_8da6a.dir/CMakeCCompilerABI.c.o   -c /home/zahra/.local/share/cmake-3.7/Modules/CMakeCCompilerABI.c
Linking C executable cmTC_8da6a
/home/zahra/.local/bin/cmake -E cmake_link_script CMakeFiles/cmTC_8da6a.dir/link.txt --verbose=1
/usr/local/bin/clang      -v CMakeFiles/cmTC_8da6a.dir/CMakeCCompilerABI.c.o  -o cmTC_8da6a -rdynamic  
clang version 4.0.0 (http://llvm.org/git/clang.git 40f6a728aeed1a1a705ef8e81b04ebd5248fc29e) (http://llvm.org/git/llvm.git ae69f7de681e29e447a90f028e1e2b2d3e976689)
Target: x86_64-unknown-linux-gnu
Thread model: posix
InstalledDir: /usr/local/bin
Found candidate GCC installation: /usr/lib/gcc/i686-linux-gnu/4.8
Found candidate GCC installation: /usr/lib/gcc/i686-linux-gnu/4.8.4
Found candidate GCC installation: /usr/lib/gcc/i686-linux-gnu/4.9
Found candidate GCC installation: /usr/lib/gcc/i686-linux-gnu/4.9.3
Found candidate GCC installation: /usr/lib/gcc/x86_64-linux-gnu/4.8
Found candidate GCC installation: /usr/lib/gcc/x86_64-linux-gnu/4.8.4
Found candidate GCC installation: /usr/lib/gcc/x86_64-linux-gnu/4.9
Found candidate GCC installation: /usr/lib/gcc/x86_64-linux-gnu/4.9.3
Selected GCC installation: /usr/lib/gcc/x86_64-linux-gnu/4.8
Candidate multilib: .;@m64
Selected multilib: .;@m64
 "/usr/bin/ld" -export-dynamic --hash-style=both --eh-frame-hdr -m elf_x86_64 -export-dynamic -dynamic-linker /lib64/ld-linux-x86-64.so.2 -o cmTC_8da6a /usr/lib/gcc/x86_64-linux-gnu/4.8/../../../x86_64-linux-gnu/crt1.o /usr/lib/gcc/x86_64-linux-gnu/4.8/../../../x86_64-linux-gnu/crti.o /usr/lib/gcc/x86_64-linux-gnu/4.8/crtbegin.o -L/usr/lib/gcc/x86_64-linux-gnu/4.8 -L/usr/lib/gcc/x86_64-linux-gnu/4.8/../../../x86_64-linux-gnu -L/lib/x86_64-linux-gnu -L/lib/../lib64 -L/usr/lib/x86_64-linux-gnu -L/usr/lib/gcc/x86_64-linux-gnu/4.8/../../.. -L/usr/local/bin/../lib -L/lib -L/usr/lib CMakeFiles/cmTC_8da6a.dir/CMakeCCompilerABI.c.o -lgcc --as-needed -lgcc_s --no-as-needed -lc -lgcc --as-needed -lgcc_s --no-as-needed /usr/lib/gcc/x86_64-linux-gnu/4.8/crtend.o /usr/lib/gcc/x86_64-linux-gnu/4.8/../../../x86_64-linux-gnu/crtn.o
make[1]: Leaving directory `/home/zahra/Desktop/runtime_opt_with_compiler_and_ML/RealApplications/stream/build/CMakeFiles/CMakeTmp'


Parsed C implicit link information from above output:
  link line regex: [^( *|.*[/\])(ld|([^/\]+-)?ld|collect2)[^/\]*( |$)]
  ignore line: [Change Dir: /home/zahra/Desktop/runtime_opt_with_compiler_and_ML/RealApplications/stream/build/CMakeFiles/CMakeTmp]
  ignore line: []
  ignore line: [Run Build Command:"/usr/bin/make" "cmTC_8da6a/fast"]
  ignore line: [/usr/bin/make -f CMakeFiles/cmTC_8da6a.dir/build.make CMakeFiles/cmTC_8da6a.dir/build]
  ignore line: [make[1]: Entering directory `/home/zahra/Desktop/runtime_opt_with_compiler_and_ML/RealApplications/stream/build/CMakeFiles/CMakeTmp']
  ignore line: [Building C object CMakeFiles/cmTC_8da6a.dir/CMakeCCompilerABI.c.o]
  ignore line: [/usr/local/bin/clang     -o CMakeFiles/cmTC_8da6a.dir/CMakeCCompilerABI.c.o   -c /home/zahra/.local/share/cmake-3.7/Modules/CMakeCCompilerABI.c]
  ignore line: [Linking C executable cmTC_8da6a]
  ignore line: [/home/zahra/.local/bin/cmake -E cmake_link_script CMakeFiles/cmTC_8da6a.dir/link.txt --verbose=1]
  ignore line: [/usr/local/bin/clang      -v CMakeFiles/cmTC_8da6a.dir/CMakeCCompilerABI.c.o  -o cmTC_8da6a -rdynamic  ]
  ignore line: [clang version 4.0.0 (http://llvm.org/git/clang.git 40f6a728aeed1a1a705ef8e81b04ebd5248fc29e) (http://llvm.org/git/llvm.git ae69f7de681e29e447a90f028e1e2b2d3e976689)]
  ignore line: [Target: x86_64-unknown-linux-gnu]
  ignore line: [Thread model: posix]
  ignore line: [InstalledDir: /usr/local/bin]
  ignore line: [Found candidate GCC installation: /usr/lib/gcc/i686-linux-gnu/4.8]
  ignore line: [Found candidate GCC installation: /usr/lib/gcc/i686-linux-gnu/4.8.4]
  ignore line: [Found candidate GCC installation: /usr/lib/gcc/i686-linux-gnu/4.9]
  ignore line: [Found candidate GCC installation: /usr/lib/gcc/i686-linux-gnu/4.9.3]
  ignore line: [Found candidate GCC installation: /usr/lib/gcc/x86_64-linux-gnu/4.8]
  ignore line: [Found candidate GCC installation: /usr/lib/gcc/x86_64-linux-gnu/4.8.4]
  ignore line: [Found candidate GCC installation: /usr/lib/gcc/x86_64-linux-gnu/4.9]
  ignore line: [Found candidate GCC installation: /usr/lib/gcc/x86_64-linux-gnu/4.9.3]
  ignore line: [Selected GCC installation: /usr/lib/gcc/x86_64-linux-gnu/4.8]
  ignore line: [Candidate multilib: .]
  ignore line: [@m64]
  ignore line: [Selected multilib: .]
  ignore line: [@m64]
  link line: [ "/usr/bin/ld" -export-dynamic --hash-style=both --eh-frame-hdr -m elf_x86_64 -export-dynamic -dynamic-linker /lib64/ld-linux-x86-64.so.2 -o cmTC_8da6a /usr/lib/gcc/x86_64-linux-gnu/4.8/../../../x86_64-linux-gnu/crt1.o /usr/lib/gcc/x86_64-linux-gnu/4.8/../../../x86_64-linux-gnu/crti.o /usr/lib/gcc/x86_64-linux-gnu/4.8/crtbegin.o -L/usr/lib/gcc/x86_64-linux-gnu/4.8 -L/usr/lib/gcc/x86_64-linux-gnu/4.8/../../../x86_64-linux-gnu -L/lib/x86_64-linux-gnu -L/lib/../lib64 -L/usr/lib/x86_64-linux-gnu -L/usr/lib/gcc/x86_64-linux-gnu/4.8/../../.. -L/usr/local/bin/../lib -L/lib -L/usr/lib CMakeFiles/cmTC_8da6a.dir/CMakeCCompilerABI.c.o -lgcc --as-needed -lgcc_s --no-as-needed -lc -lgcc --as-needed -lgcc_s --no-as-needed /usr/lib/gcc/x86_64-linux-gnu/4.8/crtend.o /usr/lib/gcc/x86_64-linux-gnu/4.8/../../../x86_64-linux-gnu/crtn.o]
    arg [/usr/bin/ld] ==> ignore
    arg [-export-dynamic] ==> ignore
    arg [--hash-style=both] ==> ignore
    arg [--eh-frame-hdr] ==> ignore
    arg [-m] ==> ignore
    arg [elf_x86_64] ==> ignore
    arg [-export-dynamic] ==> ignore
    arg [-dynamic-linker] ==> ignore
    arg [/lib64/ld-linux-x86-64.so.2] ==> ignore
    arg [-o] ==> ignore
    arg [cmTC_8da6a] ==> ignore
    arg [/usr/lib/gcc/x86_64-linux-gnu/4.8/../../../x86_64-linux-gnu/crt1.o] ==> ignore
    arg [/usr/lib/gcc/x86_64-linux-gnu/4.8/../../../x86_64-linux-gnu/crti.o] ==> ignore
    arg [/usr/lib/gcc/x86_64-linux-gnu/4.8/crtbegin.o] ==> ignore
    arg [-L/usr/lib/gcc/x86_64-linux-gnu/4.8] ==> dir [/usr/lib/gcc/x86_64-linux-gnu/4.8]
    arg [-L/usr/lib/gcc/x86_64-linux-gnu/4.8/../../../x86_64-linux-gnu] ==> dir [/usr/lib/gcc/x86_64-linux-gnu/4.8/../../../x86_64-linux-gnu]
    arg [-L/lib/x86_64-linux-gnu] ==> dir [/lib/x86_64-linux-gnu]
    arg [-L/lib/../lib64] ==> dir [/lib/../lib64]
    arg [-L/usr/lib/x86_64-linux-gnu] ==> dir [/usr/lib/x86_64-linux-gnu]
    arg [-L/usr/lib/gcc/x86_64-linux-gnu/4.8/../../..] ==> dir [/usr/lib/gcc/x86_64-linux-gnu/4.8/../../..]
    arg [-L/usr/local/bin/../lib] ==> dir [/usr/local/bin/../lib]
    arg [-L/lib] ==> dir [/lib]
    arg [-L/usr/lib] ==> dir [/usr/lib]
    arg [CMakeFiles/cmTC_8da6a.dir/CMakeCCompilerABI.c.o] ==> ignore
    arg [-lgcc] ==> lib [gcc]
    arg [--as-needed] ==> ignore
    arg [-lgcc_s] ==> lib [gcc_s]
    arg [--no-as-needed] ==> ignore
    arg [-lc] ==> lib [c]
    arg [-lgcc] ==> lib [gcc]
    arg [--as-needed] ==> ignore
    arg [-lgcc_s] ==> lib [gcc_s]
    arg [--no-as-needed] ==> ignore
    arg [/usr/lib/gcc/x86_64-linux-gnu/4.8/crtend.o] ==> ignore
    arg [/usr/lib/gcc/x86_64-linux-gnu/4.8/../../../x86_64-linux-gnu/crtn.o] ==> ignore
  remove lib [gcc]
  remove lib [gcc_s]
  remove lib [gcc]
  remove lib [gcc_s]
  collapse library dir [/usr/lib/gcc/x86_64-linux-gnu/4.8] ==> [/usr/lib/gcc/x86_64-linux-gnu/4.8]
  collapse library dir [/usr/lib/gcc/x86_64-linux-gnu/4.8/../../../x86_64-linux-gnu] ==> [/usr/lib/x86_64-linux-gnu]
  collapse library dir [/lib/x86_64-linux-gnu] ==> [/lib/x86_64-linux-gnu]
  collapse library dir [/lib/../lib64] ==> [/lib64]
  collapse library dir [/usr/lib/x86_64-linux-gnu] ==> [/usr/lib/x86_64-linux-gnu]
  collapse library dir [/usr/lib/gcc/x86_64-linux-gnu/4.8/../../..] ==> [/usr/lib]
  collapse library dir [/usr/local/bin/../lib] ==> [/usr/local/lib]
  collapse library dir [/lib] ==> [/lib]
  collapse library dir [/usr/lib] ==> [/usr/lib]
  implicit libs: [c]
  implicit dirs: [/usr/lib/gcc/x86_64-linux-gnu/4.8;/usr/lib/x86_64-linux-gnu;/lib/x86_64-linux-gnu;/lib64;/usr/lib;/usr/local/lib;/lib]
  implicit fwks: []




Detecting C [-std=c11] compiler features compiled with the following output:
Change Dir: /home/zahra/Desktop/runtime_opt_with_compiler_and_ML/RealApplications/stream/build/CMakeFiles/CMakeTmp

Run Build Command:"/usr/bin/make" "cmTC_62e10/fast"
/usr/bin/make -f CMakeFiles/cmTC_62e10.dir/build.make CMakeFiles/cmTC_62e10.dir/build
make[1]: Entering directory `/home/zahra/Desktop/runtime_opt_with_compiler_and_ML/RealApplications/stream/build/CMakeFiles/CMakeTmp'
Building C object CMakeFiles/cmTC_62e10.dir/feature_tests.c.o
/usr/local/bin/clang    -std=c11 -o CMakeFiles/cmTC_62e10.dir/feature_tests.c.o   -c /home/zahra/Desktop/runtime_opt_with_compiler_and_ML/RealApplications/stream/build/CMakeFiles/feature_tests.c
Linking C executable cmTC_62e10
/home/zahra/.local/bin/cmake -E cmake_link_script CMakeFiles/cmTC_62e10.dir/link.txt --verbose=1
/usr/local/bin/clang       CMakeFiles/cmTC_62e10.dir/feature_tests.c.o  -o cmTC_62e10 -rdynamic 
make[1]: Leaving directory `/home/zahra/Desktop/runtime_opt_with_compiler_and_ML/RealApplications/stream/build/CMakeFiles/CMakeTmp'


    Feature record: C_FEATURE:1c_function_prototypes
    Feature record: C_FEATURE:1c_restrict
    Feature record: C_FEATURE:1c_static_assert
    Feature record: C_FEATURE:1c_variadic_macros


Detecting C [-std=c99] compiler features compiled with the following output:
Change Dir: /home/zahra/Desktop/runtime_opt_with_compiler_and_ML/RealApplications/stream/build/CMakeFiles/CMakeTmp

Run Build Command:"/usr/bin/make" "cmTC_eeb55/fast"
/usr/bin/make -f CMakeFiles/cmTC_eeb55.dir/build.make CMakeFiles/cmTC_eeb55.dir/build
make[1]: Entering directory `/home/zahra/Desktop/runtime_opt_with_compiler_and_ML/RealApplications/stream/build/CMakeFiles/CMakeTmp'
Building C object CMakeFiles/cmTC_eeb55.dir/feature_tests.c.o
/usr/local/bin/clang    -std=c99 -o CMakeFiles/cmTC_eeb55.dir/feature_tests.c.o   -c /home/zahra/Desktop/runtime_opt_with_compiler_and_ML/RealApplications/stream/build/CMakeFiles/feature_tests.c
Linking C executable cmTC_eeb55
/home/zahra/.local/bin/cmake -E cmake_link_script CMakeFiles/cmTC_eeb55.dir/link.txt --verbose=1
/usr/local/bin/clang       CMakeFiles/cmTC_eeb55.dir/feature_tests.c.o  -o cmTC_eeb55 -rdynamic 
make[1]: Leaving directory `/home/zahra/Desktop/runtime_opt_with_compiler_and_ML/RealApplications/stream/build/CMakeFiles/CMakeTmp'


    Feature record: C_FEATURE:1c_function_prototypes
    Feature record: C_FEATURE:1c_restrict
    Feature record: C_FEATURE:0c_static_assert
    Feature record: C_FEATURE:1c_variadic_macros


Detecting C [-std=c90] compiler features compiled with the following output:
Change Dir: /home/zahra/Desktop/runtime_opt_with_compiler_and_ML/RealApplications/stream/build/CMakeFiles/CMakeTmp

Run Build Command:"/usr/bin/make" "cmTC_074b0/fast"
/usr/bin/make -f CMakeFiles/cmTC_074b0.dir/build.make CMakeFiles/cmTC_074b0.dir/build
make[1]: Entering directory `/home/zahra/Desktop/runtime_opt_with_compiler_and_ML/RealApplications/stream/build/CMakeFiles/CMakeTmp'
Building C object CMakeFiles/cmTC_074b0.dir/feature_tests.c.o
/usr/local/bin/clang    -std=c90 -o CMakeFiles/cmTC_074b0.dir/feature_tests.c.o   -c /home/zahra/Desktop/runtime_opt_with_compiler_and_ML/RealApplications/stream/build/CMakeFiles/feature_tests.c
Linking C executable cmTC_074b0
/home/zahra/.local/bin/cmake -E cmake_link_script CMakeFiles/cmTC_074b0.dir/link.txt --verbose=1
/usr/local/bin/clang       CMakeFiles/cmTC_074b0.dir/feature_tests.c.o  -o cmTC_074b0 -rdynamic 
make[1]: Leaving directory `/home/zahra/Desktop/runtime_opt_with_compiler_and_ML/RealApplications/stream/build/CMakeFiles/CMakeTmp'


    Feature record: C_FEATURE:1c_function_prototypes
    Feature record: C_FEATURE:0c_restrict
    Feature record: C_FEATURE:0c_static_assert
    Feature record: C_FEATURE:0c_variadic_macros
