The system is: Linux - 3.10.0-862.6.3.el7.x86_64 - x86_64
Compiling the CXX compiler identification source file "CMakeCXXCompilerId.cpp" succeeded.
Compiler: /home/glaberge/compile/cfe-6.0.0.src/build/bin/clang++ 
Build flags: -stdlib=libc++
Id flags:  

The output was:
0


Compilation of the CXX compiler identification source "CMakeCXXCompilerId.cpp" produced "a.out"

The CXX compiler identification is Clang, found in "/home/glaberge/hpxML/Time_measurement/build/CMakeFiles/3.9.0/CompilerIdCXX/a.out"

Determining if the CXX compiler works passed with the following output:
Change Dir: /home/glaberge/hpxML/Time_measurement/build/CMakeFiles/CMakeTmp

Run Build Command:"/usr/bin/gmake" "cmTC_eb3a1/fast"
/usr/bin/gmake -f CMakeFiles/cmTC_eb3a1.dir/build.make CMakeFiles/cmTC_eb3a1.dir/build
gmake[1]: Entering directory `/home/glaberge/hpxML/Time_measurement/build/CMakeFiles/CMakeTmp'
Building CXX object CMakeFiles/cmTC_eb3a1.dir/testCXXCompiler.cxx.o
/home/glaberge/compile/cfe-6.0.0.src/build/bin/clang++    -stdlib=libc++    -o CMakeFiles/cmTC_eb3a1.dir/testCXXCompiler.cxx.o -c /home/glaberge/hpxML/Time_measurement/build/CMakeFiles/CMakeTmp/testCXXCompiler.cxx
Linking CXX executable cmTC_eb3a1
/opt/eb/software/cmake/3.9.0/bin/cmake -E cmake_link_script CMakeFiles/cmTC_eb3a1.dir/link.txt --verbose=1
/home/glaberge/compile/cfe-6.0.0.src/build/bin/clang++  -stdlib=libc++     -rdynamic CMakeFiles/cmTC_eb3a1.dir/testCXXCompiler.cxx.o  -o cmTC_eb3a1 
gmake[1]: Leaving directory `/home/glaberge/hpxML/Time_measurement/build/CMakeFiles/CMakeTmp'


Detecting CXX compiler ABI info compiled with the following output:
Change Dir: /home/glaberge/hpxML/Time_measurement/build/CMakeFiles/CMakeTmp

Run Build Command:"/usr/bin/gmake" "cmTC_f8cc9/fast"
/usr/bin/gmake -f CMakeFiles/cmTC_f8cc9.dir/build.make CMakeFiles/cmTC_f8cc9.dir/build
gmake[1]: Entering directory `/home/glaberge/hpxML/Time_measurement/build/CMakeFiles/CMakeTmp'
Building CXX object CMakeFiles/cmTC_f8cc9.dir/CMakeCXXCompilerABI.cpp.o
/home/glaberge/compile/cfe-6.0.0.src/build/bin/clang++    -stdlib=libc++    -o CMakeFiles/cmTC_f8cc9.dir/CMakeCXXCompilerABI.cpp.o -c /opt/eb/software/cmake/3.9.0/share/cmake-3.9/Modules/CMakeCXXCompilerABI.cpp
Linking CXX executable cmTC_f8cc9
/opt/eb/software/cmake/3.9.0/bin/cmake -E cmake_link_script CMakeFiles/cmTC_f8cc9.dir/link.txt --verbose=1
/home/glaberge/compile/cfe-6.0.0.src/build/bin/clang++  -stdlib=libc++    -v -rdynamic CMakeFiles/cmTC_f8cc9.dir/CMakeCXXCompilerABI.cpp.o  -o cmTC_f8cc9 
clang version 6.0.0 (tags/RELEASE_600/final)
Target: x86_64-unknown-linux-gnu
Thread model: posix
InstalledDir: /home/glaberge/compile/cfe-6.0.0.src/build/bin
Found candidate GCC installation: /opt/rh/devtoolset-3/root/usr/lib/gcc/x86_64-redhat-linux/4.9.2
Found candidate GCC installation: /opt/rh/devtoolset-4/root/usr/lib/gcc/x86_64-redhat-linux/5.3.1
Found candidate GCC installation: /opt/rh/devtoolset-6/root/usr/lib/gcc/x86_64-redhat-linux/6.3.1
Found candidate GCC installation: /usr/lib/gcc/i686-redhat-linux/4.8.2
Found candidate GCC installation: /usr/lib/gcc/i686-redhat-linux/4.8.5
Found candidate GCC installation: /usr/lib/gcc/x86_64-redhat-linux/4.8.2
Found candidate GCC installation: /usr/lib/gcc/x86_64-redhat-linux/4.8.5
Selected GCC installation: /opt/rh/devtoolset-6/root/usr/lib/gcc/x86_64-redhat-linux/6.3.1
Candidate multilib: .;@m64
Candidate multilib: 32;@m32
Selected multilib: .;@m64
Found CUDA installation: /usr/local/cuda, version unknown
 "/opt/mn/binutils/2.30/bin/ld" -export-dynamic --hash-style=gnu --no-add-needed --eh-frame-hdr -m elf_x86_64 -export-dynamic -dynamic-linker /lib64/ld-linux-x86-64.so.2 -o cmTC_f8cc9 /lib/../lib64/crt1.o /lib/../lib64/crti.o /opt/rh/devtoolset-6/root/usr/lib/gcc/x86_64-redhat-linux/6.3.1/crtbegin.o -L/opt/rh/devtoolset-6/root/usr/lib/gcc/x86_64-redhat-linux/6.3.1 -L/opt/rh/devtoolset-6/root/usr/lib/gcc/x86_64-redhat-linux/6.3.1/../../../../lib64 -L/lib/../lib64 -L/usr/lib/../lib64 -L/opt/rh/devtoolset-6/root/usr/lib/gcc/x86_64-redhat-linux/6.3.1/../../.. -L/home/glaberge/compile/cfe-6.0.0.src/build/bin/../lib -L/lib -L/usr/lib CMakeFiles/cmTC_f8cc9.dir/CMakeCXXCompilerABI.cpp.o -L/home/glaberge/compile/llvm-6.0.0.src/build/lib/ -L/opt/boost/1.67.0-clang6.0.0/release/lib -L/opt/mn/clang/6.0.0/lib -L/opt/mn/binutils/2.30/lib -lc++ -lm -lgcc_s -lgcc -lc -lgcc_s -lgcc /opt/rh/devtoolset-6/root/usr/lib/gcc/x86_64-redhat-linux/6.3.1/crtend.o /lib/../lib64/crtn.o
gmake[1]: Leaving directory `/home/glaberge/hpxML/Time_measurement/build/CMakeFiles/CMakeTmp'


Parsed CXX implicit link information from above output:
  link line regex: [^( *|.*[/\])(ld|CMAKE_LINK_STARTFILE-NOTFOUND|([^/\]+-)?ld|collect2)[^/\]*( |$)]
  ignore line: [Change Dir: /home/glaberge/hpxML/Time_measurement/build/CMakeFiles/CMakeTmp]
  ignore line: []
  ignore line: [Run Build Command:"/usr/bin/gmake" "cmTC_f8cc9/fast"]
  ignore line: [/usr/bin/gmake -f CMakeFiles/cmTC_f8cc9.dir/build.make CMakeFiles/cmTC_f8cc9.dir/build]
  ignore line: [gmake[1]: Entering directory `/home/glaberge/hpxML/Time_measurement/build/CMakeFiles/CMakeTmp']
  ignore line: [Building CXX object CMakeFiles/cmTC_f8cc9.dir/CMakeCXXCompilerABI.cpp.o]
  ignore line: [/home/glaberge/compile/cfe-6.0.0.src/build/bin/clang++    -stdlib=libc++    -o CMakeFiles/cmTC_f8cc9.dir/CMakeCXXCompilerABI.cpp.o -c /opt/eb/software/cmake/3.9.0/share/cmake-3.9/Modules/CMakeCXXCompilerABI.cpp]
  ignore line: [Linking CXX executable cmTC_f8cc9]
  ignore line: [/opt/eb/software/cmake/3.9.0/bin/cmake -E cmake_link_script CMakeFiles/cmTC_f8cc9.dir/link.txt --verbose=1]
  ignore line: [/home/glaberge/compile/cfe-6.0.0.src/build/bin/clang++  -stdlib=libc++    -v -rdynamic CMakeFiles/cmTC_f8cc9.dir/CMakeCXXCompilerABI.cpp.o  -o cmTC_f8cc9 ]
  ignore line: [clang version 6.0.0 (tags/RELEASE_600/final)]
  ignore line: [Target: x86_64-unknown-linux-gnu]
  ignore line: [Thread model: posix]
  ignore line: [InstalledDir: /home/glaberge/compile/cfe-6.0.0.src/build/bin]
  ignore line: [Found candidate GCC installation: /opt/rh/devtoolset-3/root/usr/lib/gcc/x86_64-redhat-linux/4.9.2]
  ignore line: [Found candidate GCC installation: /opt/rh/devtoolset-4/root/usr/lib/gcc/x86_64-redhat-linux/5.3.1]
  ignore line: [Found candidate GCC installation: /opt/rh/devtoolset-6/root/usr/lib/gcc/x86_64-redhat-linux/6.3.1]
  ignore line: [Found candidate GCC installation: /usr/lib/gcc/i686-redhat-linux/4.8.2]
  ignore line: [Found candidate GCC installation: /usr/lib/gcc/i686-redhat-linux/4.8.5]
  ignore line: [Found candidate GCC installation: /usr/lib/gcc/x86_64-redhat-linux/4.8.2]
  ignore line: [Found candidate GCC installation: /usr/lib/gcc/x86_64-redhat-linux/4.8.5]
  ignore line: [Selected GCC installation: /opt/rh/devtoolset-6/root/usr/lib/gcc/x86_64-redhat-linux/6.3.1]
  ignore line: [Candidate multilib: .]
  ignore line: [@m64]
  ignore line: [Candidate multilib: 32]
  ignore line: [@m32]
  ignore line: [Selected multilib: .]
  ignore line: [@m64]
  ignore line: [Found CUDA installation: /usr/local/cuda, version unknown]
  link line: [ "/opt/mn/binutils/2.30/bin/ld" -export-dynamic --hash-style=gnu --no-add-needed --eh-frame-hdr -m elf_x86_64 -export-dynamic -dynamic-linker /lib64/ld-linux-x86-64.so.2 -o cmTC_f8cc9 /lib/../lib64/crt1.o /lib/../lib64/crti.o /opt/rh/devtoolset-6/root/usr/lib/gcc/x86_64-redhat-linux/6.3.1/crtbegin.o -L/opt/rh/devtoolset-6/root/usr/lib/gcc/x86_64-redhat-linux/6.3.1 -L/opt/rh/devtoolset-6/root/usr/lib/gcc/x86_64-redhat-linux/6.3.1/../../../../lib64 -L/lib/../lib64 -L/usr/lib/../lib64 -L/opt/rh/devtoolset-6/root/usr/lib/gcc/x86_64-redhat-linux/6.3.1/../../.. -L/home/glaberge/compile/cfe-6.0.0.src/build/bin/../lib -L/lib -L/usr/lib CMakeFiles/cmTC_f8cc9.dir/CMakeCXXCompilerABI.cpp.o -L/home/glaberge/compile/llvm-6.0.0.src/build/lib/ -L/opt/boost/1.67.0-clang6.0.0/release/lib -L/opt/mn/clang/6.0.0/lib -L/opt/mn/binutils/2.30/lib -lc++ -lm -lgcc_s -lgcc -lc -lgcc_s -lgcc /opt/rh/devtoolset-6/root/usr/lib/gcc/x86_64-redhat-linux/6.3.1/crtend.o /lib/../lib64/crtn.o]
    arg [/opt/mn/binutils/2.30/bin/ld] ==> ignore
    arg [-export-dynamic] ==> ignore
    arg [--hash-style=gnu] ==> ignore
    arg [--no-add-needed] ==> ignore
    arg [--eh-frame-hdr] ==> ignore
    arg [-m] ==> ignore
    arg [elf_x86_64] ==> ignore
    arg [-export-dynamic] ==> ignore
    arg [-dynamic-linker] ==> ignore
    arg [/lib64/ld-linux-x86-64.so.2] ==> ignore
    arg [-o] ==> ignore
    arg [cmTC_f8cc9] ==> ignore
    arg [/lib/../lib64/crt1.o] ==> ignore
    arg [/lib/../lib64/crti.o] ==> ignore
    arg [/opt/rh/devtoolset-6/root/usr/lib/gcc/x86_64-redhat-linux/6.3.1/crtbegin.o] ==> ignore
    arg [-L/opt/rh/devtoolset-6/root/usr/lib/gcc/x86_64-redhat-linux/6.3.1] ==> dir [/opt/rh/devtoolset-6/root/usr/lib/gcc/x86_64-redhat-linux/6.3.1]
    arg [-L/opt/rh/devtoolset-6/root/usr/lib/gcc/x86_64-redhat-linux/6.3.1/../../../../lib64] ==> dir [/opt/rh/devtoolset-6/root/usr/lib/gcc/x86_64-redhat-linux/6.3.1/../../../../lib64]
    arg [-L/lib/../lib64] ==> dir [/lib/../lib64]
    arg [-L/usr/lib/../lib64] ==> dir [/usr/lib/../lib64]
    arg [-L/opt/rh/devtoolset-6/root/usr/lib/gcc/x86_64-redhat-linux/6.3.1/../../..] ==> dir [/opt/rh/devtoolset-6/root/usr/lib/gcc/x86_64-redhat-linux/6.3.1/../../..]
    arg [-L/home/glaberge/compile/cfe-6.0.0.src/build/bin/../lib] ==> dir [/home/glaberge/compile/cfe-6.0.0.src/build/bin/../lib]
    arg [-L/lib] ==> dir [/lib]
    arg [-L/usr/lib] ==> dir [/usr/lib]
    arg [CMakeFiles/cmTC_f8cc9.dir/CMakeCXXCompilerABI.cpp.o] ==> ignore
    arg [-L/home/glaberge/compile/llvm-6.0.0.src/build/lib/] ==> dir [/home/glaberge/compile/llvm-6.0.0.src/build/lib/]
    arg [-L/opt/boost/1.67.0-clang6.0.0/release/lib] ==> dir [/opt/boost/1.67.0-clang6.0.0/release/lib]
    arg [-L/opt/mn/clang/6.0.0/lib] ==> dir [/opt/mn/clang/6.0.0/lib]
    arg [-L/opt/mn/binutils/2.30/lib] ==> dir [/opt/mn/binutils/2.30/lib]
    arg [-lc++] ==> lib [c++]
    arg [-lm] ==> lib [m]
    arg [-lgcc_s] ==> lib [gcc_s]
    arg [-lgcc] ==> lib [gcc]
    arg [-lc] ==> lib [c]
    arg [-lgcc_s] ==> lib [gcc_s]
    arg [-lgcc] ==> lib [gcc]
    arg [/opt/rh/devtoolset-6/root/usr/lib/gcc/x86_64-redhat-linux/6.3.1/crtend.o] ==> ignore
    arg [/lib/../lib64/crtn.o] ==> ignore
  collapse library dir [/opt/rh/devtoolset-6/root/usr/lib/gcc/x86_64-redhat-linux/6.3.1] ==> [/opt/rh/devtoolset-6/root/usr/lib/gcc/x86_64-redhat-linux/6.3.1]
  collapse library dir [/opt/rh/devtoolset-6/root/usr/lib/gcc/x86_64-redhat-linux/6.3.1/../../../../lib64] ==> [/opt/rh/devtoolset-6/root/usr/lib64]
  collapse library dir [/lib/../lib64] ==> [/lib64]
  collapse library dir [/usr/lib/../lib64] ==> [/usr/lib64]
  collapse library dir [/opt/rh/devtoolset-6/root/usr/lib/gcc/x86_64-redhat-linux/6.3.1/../../..] ==> [/opt/rh/devtoolset-6/root/usr/lib]
  collapse library dir [/home/glaberge/compile/cfe-6.0.0.src/build/bin/../lib] ==> [/home/glaberge/compile/cfe-6.0.0.src/build/lib]
  collapse library dir [/lib] ==> [/lib]
  collapse library dir [/usr/lib] ==> [/usr/lib]
  collapse library dir [/home/glaberge/compile/llvm-6.0.0.src/build/lib/] ==> [/home/glaberge/compile/llvm-6.0.0.src/build/lib]
  collapse library dir [/opt/boost/1.67.0-clang6.0.0/release/lib] ==> [/opt/boost/1.67.0-clang6.0.0/release/lib]
  collapse library dir [/opt/mn/clang/6.0.0/lib] ==> [/opt/mn/clang/6.0.0/lib]
  collapse library dir [/opt/mn/binutils/2.30/lib] ==> [/opt/mn/binutils/2.30/lib]
  implicit libs: [c++;m;gcc_s;gcc;c;gcc_s;gcc]
  implicit dirs: [/opt/rh/devtoolset-6/root/usr/lib/gcc/x86_64-redhat-linux/6.3.1;/opt/rh/devtoolset-6/root/usr/lib64;/lib64;/usr/lib64;/opt/rh/devtoolset-6/root/usr/lib;/home/glaberge/compile/cfe-6.0.0.src/build/lib;/lib;/usr/lib;/home/glaberge/compile/llvm-6.0.0.src/build/lib;/opt/boost/1.67.0-clang6.0.0/release/lib;/opt/mn/clang/6.0.0/lib;/opt/mn/binutils/2.30/lib]
  implicit fwks: []




Detecting CXX [-std=c++1z] compiler features compiled with the following output:
Change Dir: /home/glaberge/hpxML/Time_measurement/build/CMakeFiles/CMakeTmp

Run Build Command:"/usr/bin/gmake" "cmTC_5d564/fast"
/usr/bin/gmake -f CMakeFiles/cmTC_5d564.dir/build.make CMakeFiles/cmTC_5d564.dir/build
gmake[1]: Entering directory `/home/glaberge/hpxML/Time_measurement/build/CMakeFiles/CMakeTmp'
Building CXX object CMakeFiles/cmTC_5d564.dir/feature_tests.cxx.o
/home/glaberge/compile/cfe-6.0.0.src/build/bin/clang++    -stdlib=libc++    -std=c++1z -o CMakeFiles/cmTC_5d564.dir/feature_tests.cxx.o -c /home/glaberge/hpxML/Time_measurement/build/CMakeFiles/feature_tests.cxx
Linking CXX executable cmTC_5d564
/opt/eb/software/cmake/3.9.0/bin/cmake -E cmake_link_script CMakeFiles/cmTC_5d564.dir/link.txt --verbose=1
/home/glaberge/compile/cfe-6.0.0.src/build/bin/clang++  -stdlib=libc++     -rdynamic CMakeFiles/cmTC_5d564.dir/feature_tests.cxx.o  -o cmTC_5d564 
gmake[1]: Leaving directory `/home/glaberge/hpxML/Time_measurement/build/CMakeFiles/CMakeTmp'


    Feature record: CXX_FEATURE:1cxx_aggregate_default_initializers
    Feature record: CXX_FEATURE:1cxx_alias_templates
    Feature record: CXX_FEATURE:1cxx_alignas
    Feature record: CXX_FEATURE:1cxx_alignof
    Feature record: CXX_FEATURE:1cxx_attributes
    Feature record: CXX_FEATURE:1cxx_attribute_deprecated
    Feature record: CXX_FEATURE:1cxx_auto_type
    Feature record: CXX_FEATURE:1cxx_binary_literals
    Feature record: CXX_FEATURE:1cxx_constexpr
    Feature record: CXX_FEATURE:1cxx_contextual_conversions
    Feature record: CXX_FEATURE:1cxx_decltype
    Feature record: CXX_FEATURE:1cxx_decltype_auto
    Feature record: CXX_FEATURE:1cxx_decltype_incomplete_return_types
    Feature record: CXX_FEATURE:1cxx_default_function_template_args
    Feature record: CXX_FEATURE:1cxx_defaulted_functions
    Feature record: CXX_FEATURE:1cxx_defaulted_move_initializers
    Feature record: CXX_FEATURE:1cxx_delegating_constructors
    Feature record: CXX_FEATURE:1cxx_deleted_functions
    Feature record: CXX_FEATURE:1cxx_digit_separators
    Feature record: CXX_FEATURE:1cxx_enum_forward_declarations
    Feature record: CXX_FEATURE:1cxx_explicit_conversions
    Feature record: CXX_FEATURE:1cxx_extended_friend_declarations
    Feature record: CXX_FEATURE:1cxx_extern_templates
    Feature record: CXX_FEATURE:1cxx_final
    Feature record: CXX_FEATURE:1cxx_func_identifier
    Feature record: CXX_FEATURE:1cxx_generalized_initializers
    Feature record: CXX_FEATURE:1cxx_generic_lambdas
    Feature record: CXX_FEATURE:1cxx_inheriting_constructors
    Feature record: CXX_FEATURE:1cxx_inline_namespaces
    Feature record: CXX_FEATURE:1cxx_lambdas
    Feature record: CXX_FEATURE:1cxx_lambda_init_captures
    Feature record: CXX_FEATURE:1cxx_local_type_template_args
    Feature record: CXX_FEATURE:1cxx_long_long_type
    Feature record: CXX_FEATURE:1cxx_noexcept
    Feature record: CXX_FEATURE:1cxx_nonstatic_member_init
    Feature record: CXX_FEATURE:1cxx_nullptr
    Feature record: CXX_FEATURE:1cxx_override
    Feature record: CXX_FEATURE:1cxx_range_for
    Feature record: CXX_FEATURE:1cxx_raw_string_literals
    Feature record: CXX_FEATURE:1cxx_reference_qualified_functions
    Feature record: CXX_FEATURE:1cxx_relaxed_constexpr
    Feature record: CXX_FEATURE:1cxx_return_type_deduction
    Feature record: CXX_FEATURE:1cxx_right_angle_brackets
    Feature record: CXX_FEATURE:1cxx_rvalue_references
    Feature record: CXX_FEATURE:1cxx_sizeof_member
    Feature record: CXX_FEATURE:1cxx_static_assert
    Feature record: CXX_FEATURE:1cxx_strong_enums
    Feature record: CXX_FEATURE:1cxx_template_template_parameters
    Feature record: CXX_FEATURE:1cxx_thread_local
    Feature record: CXX_FEATURE:1cxx_trailing_return_types
    Feature record: CXX_FEATURE:1cxx_unicode_literals
    Feature record: CXX_FEATURE:1cxx_uniform_initialization
    Feature record: CXX_FEATURE:1cxx_unrestricted_unions
    Feature record: CXX_FEATURE:1cxx_user_literals
    Feature record: CXX_FEATURE:1cxx_variable_templates
    Feature record: CXX_FEATURE:1cxx_variadic_macros
    Feature record: CXX_FEATURE:1cxx_variadic_templates


Detecting CXX [-std=c++14] compiler features compiled with the following output:
Change Dir: /home/glaberge/hpxML/Time_measurement/build/CMakeFiles/CMakeTmp

Run Build Command:"/usr/bin/gmake" "cmTC_58875/fast"
/usr/bin/gmake -f CMakeFiles/cmTC_58875.dir/build.make CMakeFiles/cmTC_58875.dir/build
gmake[1]: Entering directory `/home/glaberge/hpxML/Time_measurement/build/CMakeFiles/CMakeTmp'
Building CXX object CMakeFiles/cmTC_58875.dir/feature_tests.cxx.o
/home/glaberge/compile/cfe-6.0.0.src/build/bin/clang++    -stdlib=libc++    -std=c++14 -o CMakeFiles/cmTC_58875.dir/feature_tests.cxx.o -c /home/glaberge/hpxML/Time_measurement/build/CMakeFiles/feature_tests.cxx
Linking CXX executable cmTC_58875
/opt/eb/software/cmake/3.9.0/bin/cmake -E cmake_link_script CMakeFiles/cmTC_58875.dir/link.txt --verbose=1
/home/glaberge/compile/cfe-6.0.0.src/build/bin/clang++  -stdlib=libc++     -rdynamic CMakeFiles/cmTC_58875.dir/feature_tests.cxx.o  -o cmTC_58875 
gmake[1]: Leaving directory `/home/glaberge/hpxML/Time_measurement/build/CMakeFiles/CMakeTmp'


    Feature record: CXX_FEATURE:1cxx_aggregate_default_initializers
    Feature record: CXX_FEATURE:1cxx_alias_templates
    Feature record: CXX_FEATURE:1cxx_alignas
    Feature record: CXX_FEATURE:1cxx_alignof
    Feature record: CXX_FEATURE:1cxx_attributes
    Feature record: CXX_FEATURE:1cxx_attribute_deprecated
    Feature record: CXX_FEATURE:1cxx_auto_type
    Feature record: CXX_FEATURE:1cxx_binary_literals
    Feature record: CXX_FEATURE:1cxx_constexpr
    Feature record: CXX_FEATURE:1cxx_contextual_conversions
    Feature record: CXX_FEATURE:1cxx_decltype
    Feature record: CXX_FEATURE:1cxx_decltype_auto
    Feature record: CXX_FEATURE:1cxx_decltype_incomplete_return_types
    Feature record: CXX_FEATURE:1cxx_default_function_template_args
    Feature record: CXX_FEATURE:1cxx_defaulted_functions
    Feature record: CXX_FEATURE:1cxx_defaulted_move_initializers
    Feature record: CXX_FEATURE:1cxx_delegating_constructors
    Feature record: CXX_FEATURE:1cxx_deleted_functions
    Feature record: CXX_FEATURE:1cxx_digit_separators
    Feature record: CXX_FEATURE:1cxx_enum_forward_declarations
    Feature record: CXX_FEATURE:1cxx_explicit_conversions
    Feature record: CXX_FEATURE:1cxx_extended_friend_declarations
    Feature record: CXX_FEATURE:1cxx_extern_templates
    Feature record: CXX_FEATURE:1cxx_final
    Feature record: CXX_FEATURE:1cxx_func_identifier
    Feature record: CXX_FEATURE:1cxx_generalized_initializers
    Feature record: CXX_FEATURE:1cxx_generic_lambdas
    Feature record: CXX_FEATURE:1cxx_inheriting_constructors
    Feature record: CXX_FEATURE:1cxx_inline_namespaces
    Feature record: CXX_FEATURE:1cxx_lambdas
    Feature record: CXX_FEATURE:1cxx_lambda_init_captures
    Feature record: CXX_FEATURE:1cxx_local_type_template_args
    Feature record: CXX_FEATURE:1cxx_long_long_type
    Feature record: CXX_FEATURE:1cxx_noexcept
    Feature record: CXX_FEATURE:1cxx_nonstatic_member_init
    Feature record: CXX_FEATURE:1cxx_nullptr
    Feature record: CXX_FEATURE:1cxx_override
    Feature record: CXX_FEATURE:1cxx_range_for
    Feature record: CXX_FEATURE:1cxx_raw_string_literals
    Feature record: CXX_FEATURE:1cxx_reference_qualified_functions
    Feature record: CXX_FEATURE:1cxx_relaxed_constexpr
    Feature record: CXX_FEATURE:1cxx_return_type_deduction
    Feature record: CXX_FEATURE:1cxx_right_angle_brackets
    Feature record: CXX_FEATURE:1cxx_rvalue_references
    Feature record: CXX_FEATURE:1cxx_sizeof_member
    Feature record: CXX_FEATURE:1cxx_static_assert
    Feature record: CXX_FEATURE:1cxx_strong_enums
    Feature record: CXX_FEATURE:1cxx_template_template_parameters
    Feature record: CXX_FEATURE:1cxx_thread_local
    Feature record: CXX_FEATURE:1cxx_trailing_return_types
    Feature record: CXX_FEATURE:1cxx_unicode_literals
    Feature record: CXX_FEATURE:1cxx_uniform_initialization
    Feature record: CXX_FEATURE:1cxx_unrestricted_unions
    Feature record: CXX_FEATURE:1cxx_user_literals
    Feature record: CXX_FEATURE:1cxx_variable_templates
    Feature record: CXX_FEATURE:1cxx_variadic_macros
    Feature record: CXX_FEATURE:1cxx_variadic_templates


Detecting CXX [-std=c++11] compiler features compiled with the following output:
Change Dir: /home/glaberge/hpxML/Time_measurement/build/CMakeFiles/CMakeTmp

Run Build Command:"/usr/bin/gmake" "cmTC_26a58/fast"
/usr/bin/gmake -f CMakeFiles/cmTC_26a58.dir/build.make CMakeFiles/cmTC_26a58.dir/build
gmake[1]: Entering directory `/home/glaberge/hpxML/Time_measurement/build/CMakeFiles/CMakeTmp'
Building CXX object CMakeFiles/cmTC_26a58.dir/feature_tests.cxx.o
/home/glaberge/compile/cfe-6.0.0.src/build/bin/clang++    -stdlib=libc++    -std=c++11 -o CMakeFiles/cmTC_26a58.dir/feature_tests.cxx.o -c /home/glaberge/hpxML/Time_measurement/build/CMakeFiles/feature_tests.cxx
Linking CXX executable cmTC_26a58
/opt/eb/software/cmake/3.9.0/bin/cmake -E cmake_link_script CMakeFiles/cmTC_26a58.dir/link.txt --verbose=1
/home/glaberge/compile/cfe-6.0.0.src/build/bin/clang++  -stdlib=libc++     -rdynamic CMakeFiles/cmTC_26a58.dir/feature_tests.cxx.o  -o cmTC_26a58 
gmake[1]: Leaving directory `/home/glaberge/hpxML/Time_measurement/build/CMakeFiles/CMakeTmp'


    Feature record: CXX_FEATURE:0cxx_aggregate_default_initializers
    Feature record: CXX_FEATURE:1cxx_alias_templates
    Feature record: CXX_FEATURE:1cxx_alignas
    Feature record: CXX_FEATURE:1cxx_alignof
    Feature record: CXX_FEATURE:1cxx_attributes
    Feature record: CXX_FEATURE:0cxx_attribute_deprecated
    Feature record: CXX_FEATURE:1cxx_auto_type
    Feature record: CXX_FEATURE:0cxx_binary_literals
    Feature record: CXX_FEATURE:1cxx_constexpr
    Feature record: CXX_FEATURE:0cxx_contextual_conversions
    Feature record: CXX_FEATURE:1cxx_decltype
    Feature record: CXX_FEATURE:0cxx_decltype_auto
    Feature record: CXX_FEATURE:1cxx_decltype_incomplete_return_types
    Feature record: CXX_FEATURE:1cxx_default_function_template_args
    Feature record: CXX_FEATURE:1cxx_defaulted_functions
    Feature record: CXX_FEATURE:1cxx_defaulted_move_initializers
    Feature record: CXX_FEATURE:1cxx_delegating_constructors
    Feature record: CXX_FEATURE:1cxx_deleted_functions
    Feature record: CXX_FEATURE:0cxx_digit_separators
    Feature record: CXX_FEATURE:1cxx_enum_forward_declarations
    Feature record: CXX_FEATURE:1cxx_explicit_conversions
    Feature record: CXX_FEATURE:1cxx_extended_friend_declarations
    Feature record: CXX_FEATURE:1cxx_extern_templates
    Feature record: CXX_FEATURE:1cxx_final
    Feature record: CXX_FEATURE:1cxx_func_identifier
    Feature record: CXX_FEATURE:1cxx_generalized_initializers
    Feature record: CXX_FEATURE:0cxx_generic_lambdas
    Feature record: CXX_FEATURE:1cxx_inheriting_constructors
    Feature record: CXX_FEATURE:1cxx_inline_namespaces
    Feature record: CXX_FEATURE:1cxx_lambdas
    Feature record: CXX_FEATURE:0cxx_lambda_init_captures
    Feature record: CXX_FEATURE:1cxx_local_type_template_args
    Feature record: CXX_FEATURE:1cxx_long_long_type
    Feature record: CXX_FEATURE:1cxx_noexcept
    Feature record: CXX_FEATURE:1cxx_nonstatic_member_init
    Feature record: CXX_FEATURE:1cxx_nullptr
    Feature record: CXX_FEATURE:1cxx_override
    Feature record: CXX_FEATURE:1cxx_range_for
    Feature record: CXX_FEATURE:1cxx_raw_string_literals
    Feature record: CXX_FEATURE:1cxx_reference_qualified_functions
    Feature record: CXX_FEATURE:0cxx_relaxed_constexpr
    Feature record: CXX_FEATURE:0cxx_return_type_deduction
    Feature record: CXX_FEATURE:1cxx_right_angle_brackets
    Feature record: CXX_FEATURE:1cxx_rvalue_references
    Feature record: CXX_FEATURE:1cxx_sizeof_member
    Feature record: CXX_FEATURE:1cxx_static_assert
    Feature record: CXX_FEATURE:1cxx_strong_enums
    Feature record: CXX_FEATURE:1cxx_template_template_parameters
    Feature record: CXX_FEATURE:1cxx_thread_local
    Feature record: CXX_FEATURE:1cxx_trailing_return_types
    Feature record: CXX_FEATURE:1cxx_unicode_literals
    Feature record: CXX_FEATURE:1cxx_uniform_initialization
    Feature record: CXX_FEATURE:1cxx_unrestricted_unions
    Feature record: CXX_FEATURE:1cxx_user_literals
    Feature record: CXX_FEATURE:0cxx_variable_templates
    Feature record: CXX_FEATURE:1cxx_variadic_macros
    Feature record: CXX_FEATURE:1cxx_variadic_templates


Detecting CXX [-std=c++98] compiler features compiled with the following output:
Change Dir: /home/glaberge/hpxML/Time_measurement/build/CMakeFiles/CMakeTmp

Run Build Command:"/usr/bin/gmake" "cmTC_2cb0d/fast"
/usr/bin/gmake -f CMakeFiles/cmTC_2cb0d.dir/build.make CMakeFiles/cmTC_2cb0d.dir/build
gmake[1]: Entering directory `/home/glaberge/hpxML/Time_measurement/build/CMakeFiles/CMakeTmp'
Building CXX object CMakeFiles/cmTC_2cb0d.dir/feature_tests.cxx.o
/home/glaberge/compile/cfe-6.0.0.src/build/bin/clang++    -stdlib=libc++    -std=c++98 -o CMakeFiles/cmTC_2cb0d.dir/feature_tests.cxx.o -c /home/glaberge/hpxML/Time_measurement/build/CMakeFiles/feature_tests.cxx
Linking CXX executable cmTC_2cb0d
/opt/eb/software/cmake/3.9.0/bin/cmake -E cmake_link_script CMakeFiles/cmTC_2cb0d.dir/link.txt --verbose=1
/home/glaberge/compile/cfe-6.0.0.src/build/bin/clang++  -stdlib=libc++     -rdynamic CMakeFiles/cmTC_2cb0d.dir/feature_tests.cxx.o  -o cmTC_2cb0d 
gmake[1]: Leaving directory `/home/glaberge/hpxML/Time_measurement/build/CMakeFiles/CMakeTmp'


    Feature record: CXX_FEATURE:0cxx_aggregate_default_initializers
    Feature record: CXX_FEATURE:0cxx_alias_templates
    Feature record: CXX_FEATURE:0cxx_alignas
    Feature record: CXX_FEATURE:0cxx_alignof
    Feature record: CXX_FEATURE:0cxx_attributes
    Feature record: CXX_FEATURE:0cxx_attribute_deprecated
    Feature record: CXX_FEATURE:0cxx_auto_type
    Feature record: CXX_FEATURE:0cxx_binary_literals
    Feature record: CXX_FEATURE:0cxx_constexpr
    Feature record: CXX_FEATURE:0cxx_contextual_conversions
    Feature record: CXX_FEATURE:0cxx_decltype
    Feature record: CXX_FEATURE:0cxx_decltype_auto
    Feature record: CXX_FEATURE:0cxx_decltype_incomplete_return_types
    Feature record: CXX_FEATURE:0cxx_default_function_template_args
    Feature record: CXX_FEATURE:0cxx_defaulted_functions
    Feature record: CXX_FEATURE:0cxx_defaulted_move_initializers
    Feature record: CXX_FEATURE:0cxx_delegating_constructors
    Feature record: CXX_FEATURE:0cxx_deleted_functions
    Feature record: CXX_FEATURE:0cxx_digit_separators
    Feature record: CXX_FEATURE:0cxx_enum_forward_declarations
    Feature record: CXX_FEATURE:0cxx_explicit_conversions
    Feature record: CXX_FEATURE:0cxx_extended_friend_declarations
    Feature record: CXX_FEATURE:0cxx_extern_templates
    Feature record: CXX_FEATURE:0cxx_final
    Feature record: CXX_FEATURE:0cxx_func_identifier
    Feature record: CXX_FEATURE:0cxx_generalized_initializers
    Feature record: CXX_FEATURE:0cxx_generic_lambdas
    Feature record: CXX_FEATURE:0cxx_inheriting_constructors
    Feature record: CXX_FEATURE:0cxx_inline_namespaces
    Feature record: CXX_FEATURE:0cxx_lambdas
    Feature record: CXX_FEATURE:0cxx_lambda_init_captures
    Feature record: CXX_FEATURE:0cxx_local_type_template_args
    Feature record: CXX_FEATURE:0cxx_long_long_type
    Feature record: CXX_FEATURE:0cxx_noexcept
    Feature record: CXX_FEATURE:0cxx_nonstatic_member_init
    Feature record: CXX_FEATURE:0cxx_nullptr
    Feature record: CXX_FEATURE:0cxx_override
    Feature record: CXX_FEATURE:0cxx_range_for
    Feature record: CXX_FEATURE:0cxx_raw_string_literals
    Feature record: CXX_FEATURE:0cxx_reference_qualified_functions
    Feature record: CXX_FEATURE:0cxx_relaxed_constexpr
    Feature record: CXX_FEATURE:0cxx_return_type_deduction
    Feature record: CXX_FEATURE:0cxx_right_angle_brackets
    Feature record: CXX_FEATURE:0cxx_rvalue_references
    Feature record: CXX_FEATURE:0cxx_sizeof_member
    Feature record: CXX_FEATURE:0cxx_static_assert
    Feature record: CXX_FEATURE:0cxx_strong_enums
    Feature record: CXX_FEATURE:1cxx_template_template_parameters
    Feature record: CXX_FEATURE:0cxx_thread_local
    Feature record: CXX_FEATURE:0cxx_trailing_return_types
    Feature record: CXX_FEATURE:0cxx_unicode_literals
    Feature record: CXX_FEATURE:0cxx_uniform_initialization
    Feature record: CXX_FEATURE:0cxx_unrestricted_unions
    Feature record: CXX_FEATURE:0cxx_user_literals
    Feature record: CXX_FEATURE:0cxx_variable_templates
    Feature record: CXX_FEATURE:0cxx_variadic_macros
    Feature record: CXX_FEATURE:0cxx_variadic_templates
Compiling the C compiler identification source file "CMakeCCompilerId.c" succeeded.
Compiler: /home/glaberge/compile/cfe-6.0.0.src/build/bin/clang 
Build flags: 
Id flags:  

The output was:
0


Compilation of the C compiler identification source "CMakeCCompilerId.c" produced "a.out"

The C compiler identification is Clang, found in "/home/glaberge/hpxML/Time_measurement/build/CMakeFiles/3.9.0/CompilerIdC/a.out"

Determining if the C compiler works passed with the following output:
Change Dir: /home/glaberge/hpxML/Time_measurement/build/CMakeFiles/CMakeTmp

Run Build Command:"/usr/bin/gmake" "cmTC_482a6/fast"
/usr/bin/gmake -f CMakeFiles/cmTC_482a6.dir/build.make CMakeFiles/cmTC_482a6.dir/build
gmake[1]: Entering directory `/home/glaberge/hpxML/Time_measurement/build/CMakeFiles/CMakeTmp'
Building C object CMakeFiles/cmTC_482a6.dir/testCCompiler.c.o
/home/glaberge/compile/cfe-6.0.0.src/build/bin/clang    -o CMakeFiles/cmTC_482a6.dir/testCCompiler.c.o   -c /home/glaberge/hpxML/Time_measurement/build/CMakeFiles/CMakeTmp/testCCompiler.c
Linking C executable cmTC_482a6
/opt/eb/software/cmake/3.9.0/bin/cmake -E cmake_link_script CMakeFiles/cmTC_482a6.dir/link.txt --verbose=1
/home/glaberge/compile/cfe-6.0.0.src/build/bin/clang      -rdynamic CMakeFiles/cmTC_482a6.dir/testCCompiler.c.o  -o cmTC_482a6 
gmake[1]: Leaving directory `/home/glaberge/hpxML/Time_measurement/build/CMakeFiles/CMakeTmp'


Detecting C compiler ABI info compiled with the following output:
Change Dir: /home/glaberge/hpxML/Time_measurement/build/CMakeFiles/CMakeTmp

Run Build Command:"/usr/bin/gmake" "cmTC_b891c/fast"
/usr/bin/gmake -f CMakeFiles/cmTC_b891c.dir/build.make CMakeFiles/cmTC_b891c.dir/build
gmake[1]: Entering directory `/home/glaberge/hpxML/Time_measurement/build/CMakeFiles/CMakeTmp'
Building C object CMakeFiles/cmTC_b891c.dir/CMakeCCompilerABI.c.o
/home/glaberge/compile/cfe-6.0.0.src/build/bin/clang    -o CMakeFiles/cmTC_b891c.dir/CMakeCCompilerABI.c.o   -c /opt/eb/software/cmake/3.9.0/share/cmake-3.9/Modules/CMakeCCompilerABI.c
Linking C executable cmTC_b891c
/opt/eb/software/cmake/3.9.0/bin/cmake -E cmake_link_script CMakeFiles/cmTC_b891c.dir/link.txt --verbose=1
/home/glaberge/compile/cfe-6.0.0.src/build/bin/clang     -v -rdynamic CMakeFiles/cmTC_b891c.dir/CMakeCCompilerABI.c.o  -o cmTC_b891c 
clang version 6.0.0 (tags/RELEASE_600/final)
Target: x86_64-unknown-linux-gnu
Thread model: posix
InstalledDir: /home/glaberge/compile/cfe-6.0.0.src/build/bin
Found candidate GCC installation: /opt/rh/devtoolset-3/root/usr/lib/gcc/x86_64-redhat-linux/4.9.2
Found candidate GCC installation: /opt/rh/devtoolset-4/root/usr/lib/gcc/x86_64-redhat-linux/5.3.1
Found candidate GCC installation: /opt/rh/devtoolset-6/root/usr/lib/gcc/x86_64-redhat-linux/6.3.1
Found candidate GCC installation: /usr/lib/gcc/i686-redhat-linux/4.8.2
Found candidate GCC installation: /usr/lib/gcc/i686-redhat-linux/4.8.5
Found candidate GCC installation: /usr/lib/gcc/x86_64-redhat-linux/4.8.2
Found candidate GCC installation: /usr/lib/gcc/x86_64-redhat-linux/4.8.5
Selected GCC installation: /opt/rh/devtoolset-6/root/usr/lib/gcc/x86_64-redhat-linux/6.3.1
Candidate multilib: .;@m64
Candidate multilib: 32;@m32
Selected multilib: .;@m64
Found CUDA installation: /usr/local/cuda, version unknown
 "/opt/mn/binutils/2.30/bin/ld" -export-dynamic --hash-style=gnu --no-add-needed --eh-frame-hdr -m elf_x86_64 -export-dynamic -dynamic-linker /lib64/ld-linux-x86-64.so.2 -o cmTC_b891c /lib/../lib64/crt1.o /lib/../lib64/crti.o /opt/rh/devtoolset-6/root/usr/lib/gcc/x86_64-redhat-linux/6.3.1/crtbegin.o -L/opt/rh/devtoolset-6/root/usr/lib/gcc/x86_64-redhat-linux/6.3.1 -L/opt/rh/devtoolset-6/root/usr/lib/gcc/x86_64-redhat-linux/6.3.1/../../../../lib64 -L/lib/../lib64 -L/usr/lib/../lib64 -L/opt/rh/devtoolset-6/root/usr/lib/gcc/x86_64-redhat-linux/6.3.1/../../.. -L/home/glaberge/compile/cfe-6.0.0.src/build/bin/../lib -L/lib -L/usr/lib CMakeFiles/cmTC_b891c.dir/CMakeCCompilerABI.c.o -L/home/glaberge/compile/llvm-6.0.0.src/build/lib/ -L/opt/boost/1.67.0-clang6.0.0/release/lib -L/opt/mn/clang/6.0.0/lib -L/opt/mn/binutils/2.30/lib -lgcc --as-needed -lgcc_s --no-as-needed -lc -lgcc --as-needed -lgcc_s --no-as-needed /opt/rh/devtoolset-6/root/usr/lib/gcc/x86_64-redhat-linux/6.3.1/crtend.o /lib/../lib64/crtn.o
gmake[1]: Leaving directory `/home/glaberge/hpxML/Time_measurement/build/CMakeFiles/CMakeTmp'


Parsed C implicit link information from above output:
  link line regex: [^( *|.*[/\])(ld|CMAKE_LINK_STARTFILE-NOTFOUND|([^/\]+-)?ld|collect2)[^/\]*( |$)]
  ignore line: [Change Dir: /home/glaberge/hpxML/Time_measurement/build/CMakeFiles/CMakeTmp]
  ignore line: []
  ignore line: [Run Build Command:"/usr/bin/gmake" "cmTC_b891c/fast"]
  ignore line: [/usr/bin/gmake -f CMakeFiles/cmTC_b891c.dir/build.make CMakeFiles/cmTC_b891c.dir/build]
  ignore line: [gmake[1]: Entering directory `/home/glaberge/hpxML/Time_measurement/build/CMakeFiles/CMakeTmp']
  ignore line: [Building C object CMakeFiles/cmTC_b891c.dir/CMakeCCompilerABI.c.o]
  ignore line: [/home/glaberge/compile/cfe-6.0.0.src/build/bin/clang    -o CMakeFiles/cmTC_b891c.dir/CMakeCCompilerABI.c.o   -c /opt/eb/software/cmake/3.9.0/share/cmake-3.9/Modules/CMakeCCompilerABI.c]
  ignore line: [Linking C executable cmTC_b891c]
  ignore line: [/opt/eb/software/cmake/3.9.0/bin/cmake -E cmake_link_script CMakeFiles/cmTC_b891c.dir/link.txt --verbose=1]
  ignore line: [/home/glaberge/compile/cfe-6.0.0.src/build/bin/clang     -v -rdynamic CMakeFiles/cmTC_b891c.dir/CMakeCCompilerABI.c.o  -o cmTC_b891c ]
  ignore line: [clang version 6.0.0 (tags/RELEASE_600/final)]
  ignore line: [Target: x86_64-unknown-linux-gnu]
  ignore line: [Thread model: posix]
  ignore line: [InstalledDir: /home/glaberge/compile/cfe-6.0.0.src/build/bin]
  ignore line: [Found candidate GCC installation: /opt/rh/devtoolset-3/root/usr/lib/gcc/x86_64-redhat-linux/4.9.2]
  ignore line: [Found candidate GCC installation: /opt/rh/devtoolset-4/root/usr/lib/gcc/x86_64-redhat-linux/5.3.1]
  ignore line: [Found candidate GCC installation: /opt/rh/devtoolset-6/root/usr/lib/gcc/x86_64-redhat-linux/6.3.1]
  ignore line: [Found candidate GCC installation: /usr/lib/gcc/i686-redhat-linux/4.8.2]
  ignore line: [Found candidate GCC installation: /usr/lib/gcc/i686-redhat-linux/4.8.5]
  ignore line: [Found candidate GCC installation: /usr/lib/gcc/x86_64-redhat-linux/4.8.2]
  ignore line: [Found candidate GCC installation: /usr/lib/gcc/x86_64-redhat-linux/4.8.5]
  ignore line: [Selected GCC installation: /opt/rh/devtoolset-6/root/usr/lib/gcc/x86_64-redhat-linux/6.3.1]
  ignore line: [Candidate multilib: .]
  ignore line: [@m64]
  ignore line: [Candidate multilib: 32]
  ignore line: [@m32]
  ignore line: [Selected multilib: .]
  ignore line: [@m64]
  ignore line: [Found CUDA installation: /usr/local/cuda, version unknown]
  link line: [ "/opt/mn/binutils/2.30/bin/ld" -export-dynamic --hash-style=gnu --no-add-needed --eh-frame-hdr -m elf_x86_64 -export-dynamic -dynamic-linker /lib64/ld-linux-x86-64.so.2 -o cmTC_b891c /lib/../lib64/crt1.o /lib/../lib64/crti.o /opt/rh/devtoolset-6/root/usr/lib/gcc/x86_64-redhat-linux/6.3.1/crtbegin.o -L/opt/rh/devtoolset-6/root/usr/lib/gcc/x86_64-redhat-linux/6.3.1 -L/opt/rh/devtoolset-6/root/usr/lib/gcc/x86_64-redhat-linux/6.3.1/../../../../lib64 -L/lib/../lib64 -L/usr/lib/../lib64 -L/opt/rh/devtoolset-6/root/usr/lib/gcc/x86_64-redhat-linux/6.3.1/../../.. -L/home/glaberge/compile/cfe-6.0.0.src/build/bin/../lib -L/lib -L/usr/lib CMakeFiles/cmTC_b891c.dir/CMakeCCompilerABI.c.o -L/home/glaberge/compile/llvm-6.0.0.src/build/lib/ -L/opt/boost/1.67.0-clang6.0.0/release/lib -L/opt/mn/clang/6.0.0/lib -L/opt/mn/binutils/2.30/lib -lgcc --as-needed -lgcc_s --no-as-needed -lc -lgcc --as-needed -lgcc_s --no-as-needed /opt/rh/devtoolset-6/root/usr/lib/gcc/x86_64-redhat-linux/6.3.1/crtend.o /lib/../lib64/crtn.o]
    arg [/opt/mn/binutils/2.30/bin/ld] ==> ignore
    arg [-export-dynamic] ==> ignore
    arg [--hash-style=gnu] ==> ignore
    arg [--no-add-needed] ==> ignore
    arg [--eh-frame-hdr] ==> ignore
    arg [-m] ==> ignore
    arg [elf_x86_64] ==> ignore
    arg [-export-dynamic] ==> ignore
    arg [-dynamic-linker] ==> ignore
    arg [/lib64/ld-linux-x86-64.so.2] ==> ignore
    arg [-o] ==> ignore
    arg [cmTC_b891c] ==> ignore
    arg [/lib/../lib64/crt1.o] ==> ignore
    arg [/lib/../lib64/crti.o] ==> ignore
    arg [/opt/rh/devtoolset-6/root/usr/lib/gcc/x86_64-redhat-linux/6.3.1/crtbegin.o] ==> ignore
    arg [-L/opt/rh/devtoolset-6/root/usr/lib/gcc/x86_64-redhat-linux/6.3.1] ==> dir [/opt/rh/devtoolset-6/root/usr/lib/gcc/x86_64-redhat-linux/6.3.1]
    arg [-L/opt/rh/devtoolset-6/root/usr/lib/gcc/x86_64-redhat-linux/6.3.1/../../../../lib64] ==> dir [/opt/rh/devtoolset-6/root/usr/lib/gcc/x86_64-redhat-linux/6.3.1/../../../../lib64]
    arg [-L/lib/../lib64] ==> dir [/lib/../lib64]
    arg [-L/usr/lib/../lib64] ==> dir [/usr/lib/../lib64]
    arg [-L/opt/rh/devtoolset-6/root/usr/lib/gcc/x86_64-redhat-linux/6.3.1/../../..] ==> dir [/opt/rh/devtoolset-6/root/usr/lib/gcc/x86_64-redhat-linux/6.3.1/../../..]
    arg [-L/home/glaberge/compile/cfe-6.0.0.src/build/bin/../lib] ==> dir [/home/glaberge/compile/cfe-6.0.0.src/build/bin/../lib]
    arg [-L/lib] ==> dir [/lib]
    arg [-L/usr/lib] ==> dir [/usr/lib]
    arg [CMakeFiles/cmTC_b891c.dir/CMakeCCompilerABI.c.o] ==> ignore
    arg [-L/home/glaberge/compile/llvm-6.0.0.src/build/lib/] ==> dir [/home/glaberge/compile/llvm-6.0.0.src/build/lib/]
    arg [-L/opt/boost/1.67.0-clang6.0.0/release/lib] ==> dir [/opt/boost/1.67.0-clang6.0.0/release/lib]
    arg [-L/opt/mn/clang/6.0.0/lib] ==> dir [/opt/mn/clang/6.0.0/lib]
    arg [-L/opt/mn/binutils/2.30/lib] ==> dir [/opt/mn/binutils/2.30/lib]
    arg [-lgcc] ==> lib [gcc]
    arg [--as-needed] ==> ignore
    arg [-lgcc_s] ==> lib [gcc_s]
    arg [--no-as-needed] ==> ignore
    arg [-lc] ==> lib [c]
    arg [-lgcc] ==> lib [gcc]
    arg [--as-needed] ==> ignore
    arg [-lgcc_s] ==> lib [gcc_s]
    arg [--no-as-needed] ==> ignore
    arg [/opt/rh/devtoolset-6/root/usr/lib/gcc/x86_64-redhat-linux/6.3.1/crtend.o] ==> ignore
    arg [/lib/../lib64/crtn.o] ==> ignore
  collapse library dir [/opt/rh/devtoolset-6/root/usr/lib/gcc/x86_64-redhat-linux/6.3.1] ==> [/opt/rh/devtoolset-6/root/usr/lib/gcc/x86_64-redhat-linux/6.3.1]
  collapse library dir [/opt/rh/devtoolset-6/root/usr/lib/gcc/x86_64-redhat-linux/6.3.1/../../../../lib64] ==> [/opt/rh/devtoolset-6/root/usr/lib64]
  collapse library dir [/lib/../lib64] ==> [/lib64]
  collapse library dir [/usr/lib/../lib64] ==> [/usr/lib64]
  collapse library dir [/opt/rh/devtoolset-6/root/usr/lib/gcc/x86_64-redhat-linux/6.3.1/../../..] ==> [/opt/rh/devtoolset-6/root/usr/lib]
  collapse library dir [/home/glaberge/compile/cfe-6.0.0.src/build/bin/../lib] ==> [/home/glaberge/compile/cfe-6.0.0.src/build/lib]
  collapse library dir [/lib] ==> [/lib]
  collapse library dir [/usr/lib] ==> [/usr/lib]
  collapse library dir [/home/glaberge/compile/llvm-6.0.0.src/build/lib/] ==> [/home/glaberge/compile/llvm-6.0.0.src/build/lib]
  collapse library dir [/opt/boost/1.67.0-clang6.0.0/release/lib] ==> [/opt/boost/1.67.0-clang6.0.0/release/lib]
  collapse library dir [/opt/mn/clang/6.0.0/lib] ==> [/opt/mn/clang/6.0.0/lib]
  collapse library dir [/opt/mn/binutils/2.30/lib] ==> [/opt/mn/binutils/2.30/lib]
  implicit libs: [gcc;gcc_s;c;gcc;gcc_s]
  implicit dirs: [/opt/rh/devtoolset-6/root/usr/lib/gcc/x86_64-redhat-linux/6.3.1;/opt/rh/devtoolset-6/root/usr/lib64;/lib64;/usr/lib64;/opt/rh/devtoolset-6/root/usr/lib;/home/glaberge/compile/cfe-6.0.0.src/build/lib;/lib;/usr/lib;/home/glaberge/compile/llvm-6.0.0.src/build/lib;/opt/boost/1.67.0-clang6.0.0/release/lib;/opt/mn/clang/6.0.0/lib;/opt/mn/binutils/2.30/lib]
  implicit fwks: []




Detecting C [-std=c11] compiler features compiled with the following output:
Change Dir: /home/glaberge/hpxML/Time_measurement/build/CMakeFiles/CMakeTmp

Run Build Command:"/usr/bin/gmake" "cmTC_fb985/fast"
/usr/bin/gmake -f CMakeFiles/cmTC_fb985.dir/build.make CMakeFiles/cmTC_fb985.dir/build
gmake[1]: Entering directory `/home/glaberge/hpxML/Time_measurement/build/CMakeFiles/CMakeTmp'
Building C object CMakeFiles/cmTC_fb985.dir/feature_tests.c.o
/home/glaberge/compile/cfe-6.0.0.src/build/bin/clang   -std=c11 -o CMakeFiles/cmTC_fb985.dir/feature_tests.c.o   -c /home/glaberge/hpxML/Time_measurement/build/CMakeFiles/feature_tests.c
Linking C executable cmTC_fb985
/opt/eb/software/cmake/3.9.0/bin/cmake -E cmake_link_script CMakeFiles/cmTC_fb985.dir/link.txt --verbose=1
/home/glaberge/compile/cfe-6.0.0.src/build/bin/clang      -rdynamic CMakeFiles/cmTC_fb985.dir/feature_tests.c.o  -o cmTC_fb985 
gmake[1]: Leaving directory `/home/glaberge/hpxML/Time_measurement/build/CMakeFiles/CMakeTmp'


    Feature record: C_FEATURE:1c_function_prototypes
    Feature record: C_FEATURE:1c_restrict
    Feature record: C_FEATURE:1c_static_assert
    Feature record: C_FEATURE:1c_variadic_macros


Detecting C [-std=c99] compiler features compiled with the following output:
Change Dir: /home/glaberge/hpxML/Time_measurement/build/CMakeFiles/CMakeTmp

Run Build Command:"/usr/bin/gmake" "cmTC_32aea/fast"
/usr/bin/gmake -f CMakeFiles/cmTC_32aea.dir/build.make CMakeFiles/cmTC_32aea.dir/build
gmake[1]: Entering directory `/home/glaberge/hpxML/Time_measurement/build/CMakeFiles/CMakeTmp'
Building C object CMakeFiles/cmTC_32aea.dir/feature_tests.c.o
/home/glaberge/compile/cfe-6.0.0.src/build/bin/clang   -std=c99 -o CMakeFiles/cmTC_32aea.dir/feature_tests.c.o   -c /home/glaberge/hpxML/Time_measurement/build/CMakeFiles/feature_tests.c
Linking C executable cmTC_32aea
/opt/eb/software/cmake/3.9.0/bin/cmake -E cmake_link_script CMakeFiles/cmTC_32aea.dir/link.txt --verbose=1
/home/glaberge/compile/cfe-6.0.0.src/build/bin/clang      -rdynamic CMakeFiles/cmTC_32aea.dir/feature_tests.c.o  -o cmTC_32aea 
gmake[1]: Leaving directory `/home/glaberge/hpxML/Time_measurement/build/CMakeFiles/CMakeTmp'


    Feature record: C_FEATURE:1c_function_prototypes
    Feature record: C_FEATURE:1c_restrict
    Feature record: C_FEATURE:0c_static_assert
    Feature record: C_FEATURE:1c_variadic_macros


Detecting C [-std=c90] compiler features compiled with the following output:
Change Dir: /home/glaberge/hpxML/Time_measurement/build/CMakeFiles/CMakeTmp

Run Build Command:"/usr/bin/gmake" "cmTC_e05dd/fast"
/usr/bin/gmake -f CMakeFiles/cmTC_e05dd.dir/build.make CMakeFiles/cmTC_e05dd.dir/build
gmake[1]: Entering directory `/home/glaberge/hpxML/Time_measurement/build/CMakeFiles/CMakeTmp'
Building C object CMakeFiles/cmTC_e05dd.dir/feature_tests.c.o
/home/glaberge/compile/cfe-6.0.0.src/build/bin/clang   -std=c90 -o CMakeFiles/cmTC_e05dd.dir/feature_tests.c.o   -c /home/glaberge/hpxML/Time_measurement/build/CMakeFiles/feature_tests.c
Linking C executable cmTC_e05dd
/opt/eb/software/cmake/3.9.0/bin/cmake -E cmake_link_script CMakeFiles/cmTC_e05dd.dir/link.txt --verbose=1
/home/glaberge/compile/cfe-6.0.0.src/build/bin/clang      -rdynamic CMakeFiles/cmTC_e05dd.dir/feature_tests.c.o  -o cmTC_e05dd 
gmake[1]: Leaving directory `/home/glaberge/hpxML/Time_measurement/build/CMakeFiles/CMakeTmp'


    Feature record: C_FEATURE:1c_function_prototypes
    Feature record: C_FEATURE:0c_restrict
    Feature record: C_FEATURE:0c_static_assert
    Feature record: C_FEATURE:0c_variadic_macros
